<?xml version="1.0" encoding="UTF-8"?>
<testng-results ignored="0" total="6" passed="6" failed="0" skipped="0">
  <reporter-output>
  </reporter-output>
  <suite started-at="2018-04-27T14:25:46Z" name="Sanity Suite" finished-at="2018-04-27T14:25:47Z" duration-ms="81">
    <groups>
      <group name="regression">
        <method signature="toVerifyTestNgAnnotations2.toVerifyTestNgAnnotations2TestCase1()[pri:0, instance:samplePackage.sampleProject2.toVerifyTestNgAnnotations2@31f9b85e]" name="toVerifyTestNgAnnotations2TestCase1" class="samplePackage.sampleProject2.toVerifyTestNgAnnotations2"/>
        <method signature="toVerifyTestNgAnnotations2.toVerifyTestNgAnnotations2TestCase2()[pri:0, instance:samplePackage.sampleProject2.toVerifyTestNgAnnotations2@31f9b85e]" name="toVerifyTestNgAnnotations2TestCase2" class="samplePackage.sampleProject2.toVerifyTestNgAnnotations2"/>
        <method signature="toVerifyTestNgMoreAnnotations.testCase2()[pri:0, instance:samplePackage.sampleProject.toVerifyTestNgMoreAnnotations@6db9f5a4]" name="testCase2" class="samplePackage.sampleProject.toVerifyTestNgMoreAnnotations"/>
      </group> <!-- regression -->
      <group name="sanity">
        <method signature="toVerifyTestNgAnnotations2.toVerifyTestNgAnnotations2TestCase3()[pri:0, instance:samplePackage.sampleProject2.toVerifyTestNgAnnotations2@31f9b85e]" name="toVerifyTestNgAnnotations2TestCase3" class="samplePackage.sampleProject2.toVerifyTestNgAnnotations2"/>
        <method signature="toVerifyTestNgMoreAnnotations.testCase1()[pri:0, instance:samplePackage.sampleProject.toVerifyTestNgMoreAnnotations@6db9f5a4]" name="testCase1" class="samplePackage.sampleProject.toVerifyTestNgMoreAnnotations"/>
      </group> <!-- sanity -->
    </groups>
    <test started-at="2018-04-27T14:25:46Z" name="sampleProjectTestsANDsampleProject2Tests" finished-at="2018-04-27T14:25:47Z" duration-ms="81">
      <class name="samplePackage.sampleProject2.toVerifyTestNgAnnotations2">
        <test-method signature="toVerifyTestNgAnnotations2TestCase1()[pri:0, instance:samplePackage.sampleProject2.toVerifyTestNgAnnotations2@31f9b85e]" started-at="2018-04-27T19:55:46Z" name="toVerifyTestNgAnnotations2TestCase1" finished-at="2018-04-27T19:55:46Z" duration-ms="14" status="PASS">
          <reporter-output>
          </reporter-output>
        </test-method> <!-- toVerifyTestNgAnnotations2TestCase1 -->
        <test-method signature="toVerifyTestNgAnnotations2TestCase2()[pri:0, instance:samplePackage.sampleProject2.toVerifyTestNgAnnotations2@31f9b85e]" started-at="2018-04-27T19:55:46Z" name="toVerifyTestNgAnnotations2TestCase2" finished-at="2018-04-27T19:55:46Z" duration-ms="3" status="PASS">
          <reporter-output>
          </reporter-output>
        </test-method> <!-- toVerifyTestNgAnnotations2TestCase2 -->
        <test-method signature="toVerifyTestNgAnnotations2TestCase3()[pri:0, instance:samplePackage.sampleProject2.toVerifyTestNgAnnotations2@31f9b85e]" started-at="2018-04-27T19:55:46Z" name="toVerifyTestNgAnnotations2TestCase3" finished-at="2018-04-27T19:55:46Z" duration-ms="8" status="PASS">
          <reporter-output>
          </reporter-output>
        </test-method> <!-- toVerifyTestNgAnnotations2TestCase3 -->
      </class> <!-- samplePackage.sampleProject2.toVerifyTestNgAnnotations2 -->
      <class name="samplePackage.sampleProject.toVerifyTestNgMoreAnnotations">
        <test-method signature="testCase1()[pri:0, instance:samplePackage.sampleProject.toVerifyTestNgMoreAnnotations@6db9f5a4]" started-at="2018-04-27T19:55:47Z" name="testCase1" finished-at="2018-04-27T19:55:47Z" duration-ms="6" status="PASS">
          <reporter-output>
          </reporter-output>
        </test-method> <!-- testCase1 -->
        <test-method signature="testCase2()[pri:0, instance:samplePackage.sampleProject.toVerifyTestNgMoreAnnotations@6db9f5a4]" started-at="2018-04-27T19:55:47Z" name="testCase2" finished-at="2018-04-27T19:55:47Z" duration-ms="3" status="PASS">
          <reporter-output>
          </reporter-output>
        </test-method> <!-- testCase2 -->
        <test-method signature="testCase3()[pri:0, instance:samplePackage.sampleProject.toVerifyTestNgMoreAnnotations@6db9f5a4]" started-at="2018-04-27T19:55:47Z" name="testCase3" finished-at="2018-04-27T19:55:47Z" duration-ms="2" status="PASS">
          <reporter-output>
          </reporter-output>
        </test-method> <!-- testCase3 -->
      </class> <!-- samplePackage.sampleProject.toVerifyTestNgMoreAnnotations -->
    </test> <!-- sampleProjectTestsANDsampleProject2Tests -->
  </suite> <!-- Sanity Suite -->
</testng-results>
