<?xml version="1.0" encoding="UTF-8"?>
<testng-results ignored="0" total="12" passed="12" failed="0" skipped="0">
  <reporter-output>
    <line>
      <![CDATA[toVerifyTestNgAnnotations2 - Test case2]]>
    </line>
    <line>
      <![CDATA[toVerifyTestNgAnnotations2 - Test case1]]>
    </line>
    <line>
      <![CDATA[toVerifyTestNgAnnotations2 - Test case3]]>
    </line>
    <line>
      <![CDATA[toVerifyTestNgAnnotations - Test case2]]>
    </line>
    <line>
      <![CDATA[toVerifyTestNgAnnotations - Test case1]]>
    </line>
    <line>
      <![CDATA[toVerifyTestNgAnnotations - Test case3]]>
    </line>
    <line>
      <![CDATA[toVerifyTestNgMoreAnnotations2 - Test case2]]>
    </line>
    <line>
      <![CDATA[toVerifyTestNgMoreAnnotations2 - Test case1]]>
    </line>
    <line>
      <![CDATA[toVerifyTestNgMoreAnnotations - Test case1]]>
    </line>
    <line>
      <![CDATA[toVerifyTestNgMoreAnnotations2 - Test case3]]>
    </line>
    <line>
      <![CDATA[toVerifyTestNgMoreAnnotations - Test case2]]>
    </line>
    <line>
      <![CDATA[toVerifyTestNgMoreAnnotations - Test case3]]>
    </line>
  </reporter-output>
  <suite started-at="2019-02-07T16:09:24Z" name="SuiteParallel" finished-at="2019-02-07T16:09:24Z" duration-ms="159">
    <groups>
      <group name="regression">
        <method signature="toVerifyTestNgAnnotations.testCase1()[pri:0, instance:samplePackage.sampleProject.toVerifyTestNgAnnotations@6a03bcb1]" name="testCase1" class="samplePackage.sampleProject.toVerifyTestNgAnnotations"/>
        <method signature="toVerifyTestNgAnnotations2.toVerifyTestNgAnnotations2TestCase1()[pri:0, instance:samplePackage.sampleProject2.toVerifyTestNgAnnotations2@21b2e768]" name="toVerifyTestNgAnnotations2TestCase1" class="samplePackage.sampleProject2.toVerifyTestNgAnnotations2"/>
        <method signature="toVerifyTestNgAnnotations2.toVerifyTestNgAnnotations2TestCase2()[pri:0, instance:samplePackage.sampleProject2.toVerifyTestNgAnnotations2@21b2e768]" name="toVerifyTestNgAnnotations2TestCase2" class="samplePackage.sampleProject2.toVerifyTestNgAnnotations2"/>
        <method signature="toVerifyTestNgMoreAnnotations.testCase2()[pri:0, instance:samplePackage.sampleProject.toVerifyTestNgMoreAnnotations@3cc1435c]" name="testCase2" class="samplePackage.sampleProject.toVerifyTestNgMoreAnnotations"/>
        <method signature="toVerifyTestNgMoreAnnotations2.toVerifyTestNgAnnotations2TestCase1()[pri:0, instance:samplePackage.sampleProject2.toVerifyTestNgMoreAnnotations2@236e3f4e]" name="toVerifyTestNgAnnotations2TestCase1" class="samplePackage.sampleProject2.toVerifyTestNgMoreAnnotations2"/>
      </group> <!-- regression -->
      <group name="smoke">
        <method signature="toVerifyTestNgMoreAnnotations2.toVerifyTestNgAnnotations2TestCase1()[pri:0, instance:samplePackage.sampleProject2.toVerifyTestNgMoreAnnotations2@236e3f4e]" name="toVerifyTestNgAnnotations2TestCase1" class="samplePackage.sampleProject2.toVerifyTestNgMoreAnnotations2"/>
      </group> <!-- smoke -->
      <group name="sanity">
        <method signature="toVerifyTestNgAnnotations.testCase1()[pri:0, instance:samplePackage.sampleProject.toVerifyTestNgAnnotations@6a03bcb1]" name="testCase1" class="samplePackage.sampleProject.toVerifyTestNgAnnotations"/>
        <method signature="toVerifyTestNgAnnotations.testCase2()[pri:0, instance:samplePackage.sampleProject.toVerifyTestNgAnnotations@6a03bcb1]" name="testCase2" class="samplePackage.sampleProject.toVerifyTestNgAnnotations"/>
        <method signature="toVerifyTestNgAnnotations.testCase3()[pri:0, instance:samplePackage.sampleProject.toVerifyTestNgAnnotations@6a03bcb1]" name="testCase3" class="samplePackage.sampleProject.toVerifyTestNgAnnotations"/>
        <method signature="toVerifyTestNgAnnotations2.toVerifyTestNgAnnotations2TestCase3()[pri:0, instance:samplePackage.sampleProject2.toVerifyTestNgAnnotations2@21b2e768]" name="toVerifyTestNgAnnotations2TestCase3" class="samplePackage.sampleProject2.toVerifyTestNgAnnotations2"/>
        <method signature="toVerifyTestNgMoreAnnotations.testCase1()[pri:0, instance:samplePackage.sampleProject.toVerifyTestNgMoreAnnotations@3cc1435c]" name="testCase1" class="samplePackage.sampleProject.toVerifyTestNgMoreAnnotations"/>
        <method signature="toVerifyTestNgMoreAnnotations2.toVerifyTestNgAnnotations2TestCase3()[pri:0, instance:samplePackage.sampleProject2.toVerifyTestNgMoreAnnotations2@236e3f4e]" name="toVerifyTestNgAnnotations2TestCase3" class="samplePackage.sampleProject2.toVerifyTestNgMoreAnnotations2"/>
      </group> <!-- sanity -->
    </groups>
    <test started-at="2019-02-07T16:09:24Z" name="TestParallel1" finished-at="2019-02-07T16:09:24Z" duration-ms="63">
      <class name="samplePackage.sampleProject.toVerifyTestNgAnnotations">
        <test-method is-config="true" signature="beforeTest()[pri:0, instance:samplePackage.sampleProject.toVerifyTestNgAnnotations@6a03bcb1]" started-at="2019-02-07T21:39:24Z" name="beforeTest" finished-at="2019-02-07T21:39:24Z" duration-ms="1" status="PASS">
          <reporter-output>
          </reporter-output>
        </test-method> <!-- beforeTest -->
        <test-method is-config="true" signature="beforeClassMethod()[pri:0, instance:samplePackage.sampleProject.toVerifyTestNgAnnotations@6a03bcb1]" started-at="2019-02-07T21:39:24Z" name="beforeClassMethod" finished-at="2019-02-07T21:39:24Z" duration-ms="0" status="PASS">
          <reporter-output>
          </reporter-output>
        </test-method> <!-- beforeClassMethod -->
        <test-method is-config="true" signature="beforeMethod()[pri:0, instance:samplePackage.sampleProject.toVerifyTestNgAnnotations@6a03bcb1]" started-at="2019-02-07T21:39:24Z" name="beforeMethod" finished-at="2019-02-07T21:39:24Z" duration-ms="1" status="PASS">
          <reporter-output>
          </reporter-output>
        </test-method> <!-- beforeMethod -->
        <test-method signature="testCase1()[pri:0, instance:samplePackage.sampleProject.toVerifyTestNgAnnotations@6a03bcb1]" started-at="2019-02-07T21:39:24Z" name="testCase1" finished-at="2019-02-07T21:39:24Z" duration-ms="8" status="PASS">
          <reporter-output>
            <line>
              <![CDATA[toVerifyTestNgAnnotations - Test case1]]>
            </line>
          </reporter-output>
        </test-method> <!-- testCase1 -->
        <test-method is-config="true" signature="beforeMethod()[pri:0, instance:samplePackage.sampleProject.toVerifyTestNgAnnotations@6a03bcb1]" started-at="2019-02-07T21:39:24Z" name="beforeMethod" finished-at="2019-02-07T21:39:24Z" duration-ms="0" status="PASS">
          <reporter-output>
          </reporter-output>
        </test-method> <!-- beforeMethod -->
        <test-method signature="testCase2()[pri:0, instance:samplePackage.sampleProject.toVerifyTestNgAnnotations@6a03bcb1]" started-at="2019-02-07T21:39:24Z" name="testCase2" finished-at="2019-02-07T21:39:24Z" duration-ms="0" status="PASS">
          <reporter-output>
            <line>
              <![CDATA[toVerifyTestNgAnnotations - Test case2]]>
            </line>
          </reporter-output>
        </test-method> <!-- testCase2 -->
        <test-method is-config="true" signature="beforeMethod()[pri:0, instance:samplePackage.sampleProject.toVerifyTestNgAnnotations@6a03bcb1]" started-at="2019-02-07T21:39:24Z" name="beforeMethod" finished-at="2019-02-07T21:39:24Z" duration-ms="4" status="PASS">
          <reporter-output>
          </reporter-output>
        </test-method> <!-- beforeMethod -->
        <test-method is-config="true" signature="afterMethod()[pri:0, instance:samplePackage.sampleProject.toVerifyTestNgAnnotations@6a03bcb1]" started-at="2019-02-07T21:39:24Z" name="afterMethod" finished-at="2019-02-07T21:39:24Z" duration-ms="0" status="PASS">
          <reporter-output>
          </reporter-output>
        </test-method> <!-- afterMethod -->
        <test-method is-config="true" signature="afterMethod()[pri:0, instance:samplePackage.sampleProject.toVerifyTestNgAnnotations@6a03bcb1]" started-at="2019-02-07T21:39:24Z" name="afterMethod" finished-at="2019-02-07T21:39:24Z" duration-ms="0" status="PASS">
          <reporter-output>
          </reporter-output>
        </test-method> <!-- afterMethod -->
        <test-method signature="testCase3()[pri:0, instance:samplePackage.sampleProject.toVerifyTestNgAnnotations@6a03bcb1]" started-at="2019-02-07T21:39:24Z" name="testCase3" finished-at="2019-02-07T21:39:24Z" duration-ms="2" status="PASS">
          <reporter-output>
            <line>
              <![CDATA[toVerifyTestNgAnnotations - Test case3]]>
            </line>
          </reporter-output>
        </test-method> <!-- testCase3 -->
        <test-method is-config="true" signature="afterMethod()[pri:0, instance:samplePackage.sampleProject.toVerifyTestNgAnnotations@6a03bcb1]" started-at="2019-02-07T21:39:24Z" name="afterMethod" finished-at="2019-02-07T21:39:24Z" duration-ms="2" status="PASS">
          <reporter-output>
          </reporter-output>
        </test-method> <!-- afterMethod -->
        <test-method is-config="true" signature="afterClassMethod()[pri:0, instance:samplePackage.sampleProject.toVerifyTestNgAnnotations@6a03bcb1]" started-at="2019-02-07T21:39:24Z" name="afterClassMethod" finished-at="2019-02-07T21:39:24Z" duration-ms="0" status="PASS">
          <reporter-output>
          </reporter-output>
        </test-method> <!-- afterClassMethod -->
        <test-method is-config="true" signature="afterTest()[pri:0, instance:samplePackage.sampleProject.toVerifyTestNgAnnotations@6a03bcb1]" started-at="2019-02-07T21:39:24Z" name="afterTest" finished-at="2019-02-07T21:39:24Z" duration-ms="0" status="PASS">
          <reporter-output>
          </reporter-output>
        </test-method> <!-- afterTest -->
      </class> <!-- samplePackage.sampleProject.toVerifyTestNgAnnotations -->
      <class name="samplePackage.sampleProject2.toVerifyTestNgAnnotations2">
        <test-method signature="toVerifyTestNgAnnotations2TestCase1()[pri:0, instance:samplePackage.sampleProject2.toVerifyTestNgAnnotations2@21b2e768]" started-at="2019-02-07T21:39:24Z" name="toVerifyTestNgAnnotations2TestCase1" finished-at="2019-02-07T21:39:24Z" duration-ms="6" status="PASS">
          <reporter-output>
            <line>
              <![CDATA[toVerifyTestNgAnnotations2 - Test case1]]>
            </line>
          </reporter-output>
        </test-method> <!-- toVerifyTestNgAnnotations2TestCase1 -->
        <test-method signature="toVerifyTestNgAnnotations2TestCase2()[pri:0, instance:samplePackage.sampleProject2.toVerifyTestNgAnnotations2@21b2e768]" started-at="2019-02-07T21:39:24Z" name="toVerifyTestNgAnnotations2TestCase2" finished-at="2019-02-07T21:39:24Z" duration-ms="6" status="PASS">
          <reporter-output>
            <line>
              <![CDATA[toVerifyTestNgAnnotations2 - Test case2]]>
            </line>
          </reporter-output>
        </test-method> <!-- toVerifyTestNgAnnotations2TestCase2 -->
        <test-method signature="toVerifyTestNgAnnotations2TestCase3()[pri:0, instance:samplePackage.sampleProject2.toVerifyTestNgAnnotations2@21b2e768]" started-at="2019-02-07T21:39:24Z" name="toVerifyTestNgAnnotations2TestCase3" finished-at="2019-02-07T21:39:24Z" duration-ms="7" status="PASS">
          <reporter-output>
            <line>
              <![CDATA[toVerifyTestNgAnnotations2 - Test case3]]>
            </line>
          </reporter-output>
        </test-method> <!-- toVerifyTestNgAnnotations2TestCase3 -->
      </class> <!-- samplePackage.sampleProject2.toVerifyTestNgAnnotations2 -->
    </test> <!-- TestParallel1 -->
    <test started-at="2019-02-07T16:09:24Z" name="TestParallel2" finished-at="2019-02-07T16:09:24Z" duration-ms="22">
      <class name="samplePackage.sampleProject.toVerifyTestNgAnnotations">
        <test-method is-config="true" signature="beforeSuite()[pri:0, instance:samplePackage.sampleProject.toVerifyTestNgAnnotations@6a03bcb1]" started-at="2019-02-07T21:39:24Z" name="beforeSuite" finished-at="2019-02-07T21:39:24Z" duration-ms="13" status="PASS">
          <reporter-output>
          </reporter-output>
        </test-method> <!-- beforeSuite -->
        <test-method is-config="true" signature="afterSuite()[pri:0, instance:samplePackage.sampleProject.toVerifyTestNgAnnotations@6a03bcb1]" started-at="2019-02-07T21:39:24Z" name="afterSuite" finished-at="2019-02-07T21:39:24Z" duration-ms="0" status="PASS">
          <reporter-output>
          </reporter-output>
        </test-method> <!-- afterSuite -->
      </class> <!-- samplePackage.sampleProject.toVerifyTestNgAnnotations -->
      <class name="samplePackage.sampleProject.toVerifyTestNgMoreAnnotations">
        <test-method signature="testCase1()[pri:0, instance:samplePackage.sampleProject.toVerifyTestNgMoreAnnotations@3cc1435c]" started-at="2019-02-07T21:39:24Z" name="testCase1" finished-at="2019-02-07T21:39:24Z" duration-ms="4" status="PASS">
          <reporter-output>
            <line>
              <![CDATA[toVerifyTestNgMoreAnnotations - Test case1]]>
            </line>
          </reporter-output>
        </test-method> <!-- testCase1 -->
        <test-method signature="testCase3()[pri:0, instance:samplePackage.sampleProject.toVerifyTestNgMoreAnnotations@3cc1435c]" started-at="2019-02-07T21:39:24Z" name="testCase3" finished-at="2019-02-07T21:39:24Z" duration-ms="1" status="PASS">
          <reporter-output>
            <line>
              <![CDATA[toVerifyTestNgMoreAnnotations - Test case3]]>
            </line>
          </reporter-output>
        </test-method> <!-- testCase3 -->
        <test-method signature="testCase2()[pri:0, instance:samplePackage.sampleProject.toVerifyTestNgMoreAnnotations@3cc1435c]" started-at="2019-02-07T21:39:24Z" name="testCase2" finished-at="2019-02-07T21:39:24Z" duration-ms="1" status="PASS">
          <reporter-output>
            <line>
              <![CDATA[toVerifyTestNgMoreAnnotations - Test case2]]>
            </line>
          </reporter-output>
        </test-method> <!-- testCase2 -->
      </class> <!-- samplePackage.sampleProject.toVerifyTestNgMoreAnnotations -->
      <class name="samplePackage.sampleProject2.toVerifyTestNgMoreAnnotations2">
        <test-method signature="toVerifyTestNgAnnotations2TestCase2()[pri:0, instance:samplePackage.sampleProject2.toVerifyTestNgMoreAnnotations2@236e3f4e]" started-at="2019-02-07T21:39:24Z" name="toVerifyTestNgAnnotations2TestCase2" finished-at="2019-02-07T21:39:24Z" duration-ms="0" status="PASS">
          <reporter-output>
            <line>
              <![CDATA[toVerifyTestNgMoreAnnotations2 - Test case2]]>
            </line>
          </reporter-output>
        </test-method> <!-- toVerifyTestNgAnnotations2TestCase2 -->
        <test-method signature="toVerifyTestNgAnnotations2TestCase1()[pri:0, instance:samplePackage.sampleProject2.toVerifyTestNgMoreAnnotations2@236e3f4e]" started-at="2019-02-07T21:39:24Z" name="toVerifyTestNgAnnotations2TestCase1" finished-at="2019-02-07T21:39:24Z" duration-ms="5" status="PASS">
          <reporter-output>
            <line>
              <![CDATA[toVerifyTestNgMoreAnnotations2 - Test case1]]>
            </line>
          </reporter-output>
        </test-method> <!-- toVerifyTestNgAnnotations2TestCase1 -->
        <test-method signature="toVerifyTestNgAnnotations2TestCase3()[pri:0, instance:samplePackage.sampleProject2.toVerifyTestNgMoreAnnotations2@236e3f4e]" started-at="2019-02-07T21:39:24Z" name="toVerifyTestNgAnnotations2TestCase3" finished-at="2019-02-07T21:39:24Z" duration-ms="8" status="PASS">
          <reporter-output>
            <line>
              <![CDATA[toVerifyTestNgMoreAnnotations2 - Test case3]]>
            </line>
          </reporter-output>
        </test-method> <!-- toVerifyTestNgAnnotations2TestCase3 -->
      </class> <!-- samplePackage.sampleProject2.toVerifyTestNgMoreAnnotations2 -->
    </test> <!-- TestParallel2 -->
  </suite> <!-- SuiteParallel -->
</testng-results>
