<?xml version="1.0" encoding="UTF-8"?>
<!-- Generated by org.testng.reporters.JUnitXMLReporter -->
<testsuite ignored="0" hostname="HIMANI" failures="0" tests="6" name="sampleProjectTests" time="0.073" errors="0" timestamp="06 Feb 2019 17:05:11 GMT">
  <testcase classname="samplePackage.sampleProject.toVerifyTestNgMoreAnnotations" name="testCase1" time="0.007"/>
  <testcase classname="samplePackage.sampleProject.toVerifyTestNgMoreAnnotations" name="testCase2" time="0.003"/>
  <testcase classname="samplePackage.sampleProject.toVerifyTestNgMoreAnnotations" name="testCase3" time="0.003"/>
  <testcase classname="samplePackage.sampleProject.toVerifyTestNgAnnotations" name="testCase1" time="0.002"/>
  <testcase classname="samplePackage.sampleProject.toVerifyTestNgAnnotations" name="testCase2" time="0.002"/>
  <testcase classname="samplePackage.sampleProject.toVerifyTestNgAnnotations" name="testCase3" time="0.002"/>
</testsuite> <!-- sampleProjectTests -->
