<?xml version="1.0" encoding="UTF-8"?>
<!-- Generated by org.testng.reporters.JUnitXMLReporter -->
<testsuite ignored="0" hostname="HIMANI" failures="0" tests="6" name="sampleProjectTestsANDsampleProject2Tests" time="0.02" errors="0" timestamp="06 Feb 2019 17:05:11 GMT">
  <testcase classname="samplePackage.sampleProject2.toVerifyTestNgAnnotations2" name="toVerifyTestNgAnnotations2TestCase1" time="0.002"/>
  <testcase classname="samplePackage.sampleProject2.toVerifyTestNgAnnotations2" name="toVerifyTestNgAnnotations2TestCase2" time="0.001"/>
  <testcase classname="samplePackage.sampleProject2.toVerifyTestNgAnnotations2" name="toVerifyTestNgAnnotations2TestCase3" time="0.001"/>
  <testcase classname="samplePackage.sampleProject.toVerifyTestNgMoreAnnotations" name="testCase1" time="0.001"/>
  <testcase classname="samplePackage.sampleProject.toVerifyTestNgMoreAnnotations" name="testCase2" time="0.002"/>
  <testcase classname="samplePackage.sampleProject.toVerifyTestNgMoreAnnotations" name="testCase3" time="0.003"/>
</testsuite> <!-- sampleProjectTestsANDsampleProject2Tests -->
