<?xml version="1.0" encoding="UTF-8"?>
<testng-results ignored="0" total="10" passed="8" failed="0" skipped="2">
  <reporter-output>
    <line>
      <![CDATA[Creating object of chrome]]>
    </line>
    <line>
      <![CDATA[Navigating to http://automationpractice.com/index.php]]>
    </line>
    <line>
      <![CDATA[Navigate to: 'http://automationpractice.com/index.php']]>
    </line>
    <line>
      <![CDATA[Creating object of chrome]]>
    </line>
    <line>
      <![CDATA[Navigating to http://automationpractice.com/index.php]]>
    </line>
    <line>
      <![CDATA[Navigate to: 'http://automationpractice.com/index.php']]>
    </line>
    <line>
      <![CDATA[Found element By: By.xpath: //a[@class='login'][@title='Log in to your customer account']]]>
    </line>
    <line>
      <![CDATA[Trying to click on: [[ChromeDriver: chrome on XP (c0afc58650ebb236ccf71808155786a9)] -> xpath: //a[@class='login'][@title='Log in to your customer account']]]]>
    </line>
    <line>
      <![CDATA[Clicked on: [[ChromeDriver: chrome on XP (c0afc58650ebb236ccf71808155786a9)] -> xpath: //a[@class='login'][@title='Log in to your customer account']]]]>
    </line>
    <line>
      <![CDATA[Found element By: By.xpath: //a[@class='login'][@title='Log in to your customer account']]]>
    </line>
    <line>
      <![CDATA[Clicked on SignIn and object is [[ChromeDriver: chrome on XP (c0afc58650ebb236ccf71808155786a9)] -> xpath: //a[@class='login'][@title='Log in to your customer account']]]]>
    </line>
    <line>
      <![CDATA[Found element By: By.xpath: //input[@id='email_create']]]>
    </line>
    <line>
      <![CDATA[Element value changed to: [[ChromeDriver: chrome on XP (c0afc58650ebb236ccf71808155786a9)] -> xpath: //input[@id='email_create']]]]>
    </line>
    <line>
      <![CDATA[Found element By: By.xpath: //input[@id='email_create']]]>
    </line>
    <line>
      <![CDATA[Element value changed to: [[ChromeDriver: chrome on XP (c0afc58650ebb236ccf71808155786a9)] -> xpath: //input[@id='email_create']]]]>
    </line>
    <line>
      <![CDATA[Found element By: By.xpath: //input[@id='email_create']]]>
    </line>
    <line>
      <![CDATA[Entered email and object is [[ChromeDriver: chrome on XP (c0afc58650ebb236ccf71808155786a9)] -> xpath: //input[@id='email_create']]]]>
    </line>
    <line>
      <![CDATA[Found element By: By.xpath: //button[@id='SubmitCreate']]]>
    </line>
    <line>
      <![CDATA[Trying to click on: [[ChromeDriver: chrome on XP (c0afc58650ebb236ccf71808155786a9)] -> xpath: //button[@id='SubmitCreate']]]]>
    </line>
    <line>
      <![CDATA[Clicked on: [[ChromeDriver: chrome on XP (c0afc58650ebb236ccf71808155786a9)] -> xpath: //button[@id='SubmitCreate']]]]>
    </line>
    <line>
      <![CDATA[Found element By: By.xpath: //button[@id='SubmitCreate']]]>
    </line>
    <line>
      <![CDATA[Clicked on create account button and onject is [[ChromeDriver: chrome on XP (c0afc58650ebb236ccf71808155786a9)] -> xpath: //button[@id='SubmitCreate']]]]>
    </line>
    <line>
      <![CDATA[Found element By: By.xpath: //input[@id='id_gender2']]]>
    </line>
    <line>
      <![CDATA[Trying to click on: [[ChromeDriver: chrome on XP (c0afc58650ebb236ccf71808155786a9)] -> xpath: //input[@id='id_gender2']]]]>
    </line>
    <line>
      <![CDATA[Clicked on: [[ChromeDriver: chrome on XP (c0afc58650ebb236ccf71808155786a9)] -> xpath: //input[@id='id_gender2']]]]>
    </line>
    <line>
      <![CDATA[Found element By: By.xpath: //input[@id='customer_firstname']]]>
    </line>
    <line>
      <![CDATA[Element value changed to: [[ChromeDriver: chrome on XP (c0afc58650ebb236ccf71808155786a9)] -> xpath: //input[@id='customer_firstname']]]]>
    </line>
    <line>
      <![CDATA[Found element By: By.xpath: //input[@id='customer_firstname']]]>
    </line>
    <line>
      <![CDATA[Element value changed to: [[ChromeDriver: chrome on XP (c0afc58650ebb236ccf71808155786a9)] -> xpath: //input[@id='customer_firstname']]]]>
    </line>
    <line>
      <![CDATA[Found element By: By.xpath: //input[@id='customer_lastname']]]>
    </line>
    <line>
      <![CDATA[Element value changed to: [[ChromeDriver: chrome on XP (c0afc58650ebb236ccf71808155786a9)] -> xpath: //input[@id='customer_lastname']]]]>
    </line>
    <line>
      <![CDATA[Found element By: By.xpath: //input[@id='customer_lastname']]]>
    </line>
    <line>
      <![CDATA[Element value changed to: [[ChromeDriver: chrome on XP (c0afc58650ebb236ccf71808155786a9)] -> xpath: //input[@id='customer_lastname']]]]>
    </line>
    <line>
      <![CDATA[Found element By: By.xpath: //input[@id='passwd']]]>
    </line>
    <line>
      <![CDATA[Element value changed to: [[ChromeDriver: chrome on XP (c0afc58650ebb236ccf71808155786a9)] -> xpath: //input[@id='passwd']]]]>
    </line>
    <line>
      <![CDATA[Found element By: By.xpath: //input[@id='passwd']]]>
    </line>
    <line>
      <![CDATA[Element value changed to: [[ChromeDriver: chrome on XP (c0afc58650ebb236ccf71808155786a9)] -> xpath: //input[@id='passwd']]]]>
    </line>
    <line>
      <![CDATA[Found element By: By.xpath: //input[@id='passwd']]]>
    </line>
    <line>
      <![CDATA[Entered password and object is [[ChromeDriver: chrome on XP (c0afc58650ebb236ccf71808155786a9)] -> xpath: //input[@id='passwd']]]]>
    </line>
    <line>
      <![CDATA[Found element By: By.xpath: //select[@id='days']]]>
    </line>
    <line>
      <![CDATA[Found element By: By.xpath: //select[@id='days']]]>
    </line>
    <line>
      <![CDATA[Found element By: By.xpath: //select[@id='days']]]>
    </line>
    <line>
      <![CDATA[Found element By: By.xpath: .//option[normalize-space(.) = "4  "]]]>
    </line>
    <line>
      <![CDATA[Found element By: By.xpath: //select[@id='days']]]>
    </line>
    <line>
      <![CDATA[Found element By: By.xpath: .//option[contains(., "4")]]]>
    </line>
    <line>
      <![CDATA[Trying to click on: [[[[ChromeDriver: chrome on XP (c0afc58650ebb236ccf71808155786a9)] -> xpath: //select[@id='days']]] -> xpath: .//option[contains(., "4")]]]]>
    </line>
    <line>
      <![CDATA[Clicked on: [[[[ChromeDriver: chrome on XP (c0afc58650ebb236ccf71808155786a9)] -> xpath: //select[@id='days']]] -> xpath: .//option[contains(., "4")]]]]>
    </line>
    <line>
      <![CDATA[Found element By: By.xpath: //select[@id='months']]]>
    </line>
    <line>
      <![CDATA[Found element By: By.xpath: //select[@id='months']]]>
    </line>
    <line>
      <![CDATA[Found element By: By.xpath: //select[@id='months']]]>
    </line>
    <line>
      <![CDATA[Found element By: By.xpath: .//option[normalize-space(.) = "April "]]]>
    </line>
    <line>
      <![CDATA[Found element By: By.xpath: //select[@id='months']]]>
    </line>
    <line>
      <![CDATA[Found element By: By.xpath: .//option[contains(., "April")]]]>
    </line>
    <line>
      <![CDATA[Trying to click on: [[[[ChromeDriver: chrome on XP (c0afc58650ebb236ccf71808155786a9)] -> xpath: //select[@id='months']]] -> xpath: .//option[contains(., "April")]]]]>
    </line>
    <line>
      <![CDATA[Clicked on: [[[[ChromeDriver: chrome on XP (c0afc58650ebb236ccf71808155786a9)] -> xpath: //select[@id='months']]] -> xpath: .//option[contains(., "April")]]]]>
    </line>
    <line>
      <![CDATA[Found element By: By.xpath: //select[@id='years']]]>
    </line>
    <line>
      <![CDATA[Found element By: By.xpath: //select[@id='years']]]>
    </line>
    <line>
      <![CDATA[Found element By: By.xpath: //select[@id='years']]]>
    </line>
    <line>
      <![CDATA[Found element By: By.xpath: .//option[normalize-space(.) = "1990  "]]]>
    </line>
    <line>
      <![CDATA[Found element By: By.xpath: //select[@id='years']]]>
    </line>
    <line>
      <![CDATA[Found element By: By.xpath: .//option[contains(., "1990")]]]>
    </line>
    <line>
      <![CDATA[Trying to click on: [[[[ChromeDriver: chrome on XP (c0afc58650ebb236ccf71808155786a9)] -> xpath: //select[@id='years']]] -> xpath: .//option[contains(., "1990")]]]]>
    </line>
    <line>
      <![CDATA[Clicked on: [[[[ChromeDriver: chrome on XP (c0afc58650ebb236ccf71808155786a9)] -> xpath: //select[@id='years']]] -> xpath: .//option[contains(., "1990")]]]]>
    </line>
    <line>
      <![CDATA[Selected year and object is org.openqa.selenium.support.ui.Select@1c025cb]]>
    </line>
    <line>
      <![CDATA[Found element By: By.xpath: //input[@id='address1']]]>
    </line>
    <line>
      <![CDATA[Element value changed to: [[ChromeDriver: chrome on XP (c0afc58650ebb236ccf71808155786a9)] -> xpath: //input[@id='address1']]]]>
    </line>
    <line>
      <![CDATA[Found element By: By.xpath: //input[@id='address1']]]>
    </line>
    <line>
      <![CDATA[Element value changed to: [[ChromeDriver: chrome on XP (c0afc58650ebb236ccf71808155786a9)] -> xpath: //input[@id='address1']]]]>
    </line>
    <line>
      <![CDATA[Found element By: By.xpath: //input[@id='city']]]>
    </line>
    <line>
      <![CDATA[Element value changed to: [[ChromeDriver: chrome on XP (c0afc58650ebb236ccf71808155786a9)] -> xpath: //input[@id='city']]]]>
    </line>
    <line>
      <![CDATA[Found element By: By.xpath: //input[@id='city']]]>
    </line>
    <line>
      <![CDATA[Element value changed to: [[ChromeDriver: chrome on XP (c0afc58650ebb236ccf71808155786a9)] -> xpath: //input[@id='city']]]]>
    </line>
    <line>
      <![CDATA[Found element By: By.xpath: //select[@id='id_state']]]>
    </line>
    <line>
      <![CDATA[Found element By: By.xpath: //select[@id='id_state']]]>
    </line>
    <line>
      <![CDATA[Found element By: By.xpath: //select[@id='id_state']]]>
    </line>
    <line>
      <![CDATA[Found element By: By.xpath: .//option[@value = "2"]]]>
    </line>
    <line>
      <![CDATA[Trying to click on: [[[[ChromeDriver: chrome on XP (c0afc58650ebb236ccf71808155786a9)] -> xpath: //select[@id='id_state']]] -> xpath: .//option[@value = "2"]]]]>
    </line>
    <line>
      <![CDATA[Clicked on: [[[[ChromeDriver: chrome on XP (c0afc58650ebb236ccf71808155786a9)] -> xpath: //select[@id='id_state']]] -> xpath: .//option[@value = "2"]]]]>
    </line>
    <line>
      <![CDATA[Found element By: By.xpath: //input[@id='postcode']]]>
    </line>
    <line>
      <![CDATA[Element value changed to: [[ChromeDriver: chrome on XP (c0afc58650ebb236ccf71808155786a9)] -> xpath: //input[@id='postcode']]]]>
    </line>
    <line>
      <![CDATA[Found element By: By.xpath: //input[@id='postcode']]]>
    </line>
    <line>
      <![CDATA[Element value changed to: [[ChromeDriver: chrome on XP (c0afc58650ebb236ccf71808155786a9)] -> xpath: //input[@id='postcode']]]]>
    </line>
    <line>
      <![CDATA[Found element By: By.xpath: //input[@id='postcode']]]>
    </line>
    <line>
      <![CDATA[Enterted zipcode and object is [[ChromeDriver: chrome on XP (c0afc58650ebb236ccf71808155786a9)] -> xpath: //input[@id='postcode']]]]>
    </line>
    <line>
      <![CDATA[Found element By: By.xpath: //input[@id='phone_mobile']]]>
    </line>
    <line>
      <![CDATA[Element value changed to: [[ChromeDriver: chrome on XP (c0afc58650ebb236ccf71808155786a9)] -> xpath: //input[@id='phone_mobile']]]]>
    </line>
    <line>
      <![CDATA[Found element By: By.xpath: //input[@id='alias']]]>
    </line>
    <line>
      <![CDATA[Element value changed to: [[ChromeDriver: chrome on XP (c0afc58650ebb236ccf71808155786a9)] -> xpath: //input[@id='alias']]]]>
    </line>
    <line>
      <![CDATA[Found element By: By.xpath: //input[@id='alias']]]>
    </line>
    <line>
      <![CDATA[Element value changed to: [[ChromeDriver: chrome on XP (c0afc58650ebb236ccf71808155786a9)] -> xpath: //input[@id='alias']]]]>
    </line>
    <line>
      <![CDATA[Found element By: By.xpath: //button[@id='submitAccount']]]>
    </line>
    <line>
      <![CDATA[Trying to click on: [[ChromeDriver: chrome on XP (c0afc58650ebb236ccf71808155786a9)] -> xpath: //button[@id='submitAccount']]]]>
    </line>
    <line>
      <![CDATA[Clicked on: [[ChromeDriver: chrome on XP (c0afc58650ebb236ccf71808155786a9)] -> xpath: //button[@id='submitAccount']]]]>
    </line>
    <line>
      <![CDATA[Found element By: By.xpath: //div[@id='center_column']/h1]]>
    </line>
    <line>
      <![CDATA[User has successfully logged into his/her account]]>
    </line>
    <line>
      <![CDATA[browser closed]]>
    </line>
    <line>
      <![CDATA[Creating object of chrome]]>
    </line>
    <line>
      <![CDATA[Navigating to http://automationpractice.com/index.php]]>
    </line>
    <line>
      <![CDATA[Navigate to: 'http://automationpractice.com/index.php']]>
    </line>
    <line>
      <![CDATA[Found element By: By.xpath: //a[@class='login'][@title='Log in to your customer account']]]>
    </line>
    <line>
      <![CDATA[Trying to click on: [[ChromeDriver: chrome on XP (0e3da74d8119515dd71cc5d32ec8d894)] -> xpath: //a[@class='login'][@title='Log in to your customer account']]]]>
    </line>
    <line>
      <![CDATA[Clicked on: [[ChromeDriver: chrome on XP (0e3da74d8119515dd71cc5d32ec8d894)] -> xpath: //a[@class='login'][@title='Log in to your customer account']]]]>
    </line>
    <line>
      <![CDATA[Found element By: By.xpath: //a[@class='login'][@title='Log in to your customer account']]]>
    </line>
    <line>
      <![CDATA[Clicked on SignIn and object is [[ChromeDriver: chrome on XP (0e3da74d8119515dd71cc5d32ec8d894)] -> xpath: //a[@class='login'][@title='Log in to your customer account']]]]>
    </line>
    <line>
      <![CDATA[Found element By: By.xpath: //input[@id='email']]]>
    </line>
    <line>
      <![CDATA[Element value changed to: [[ChromeDriver: chrome on XP (0e3da74d8119515dd71cc5d32ec8d894)] -> xpath: //input[@id='email']]]]>
    </line>
    <line>
      <![CDATA[Found element By: By.xpath: //input[@id='email']]]>
    </line>
    <line>
      <![CDATA[Entered email address: testautomation4@gmail.com and object is [[ChromeDriver: chrome on XP (0e3da74d8119515dd71cc5d32ec8d894)] -> xpath: //input[@id='email']]]]>
    </line>
    <line>
      <![CDATA[Found element By: By.xpath: //input[@id='passwd']]]>
    </line>
    <line>
      <![CDATA[Element value changed to: [[ChromeDriver: chrome on XP (0e3da74d8119515dd71cc5d32ec8d894)] -> xpath: //input[@id='passwd']]]]>
    </line>
    <line>
      <![CDATA[Found element By: By.xpath: //input[@id='passwd']]]>
    </line>
    <line>
      <![CDATA[Entered password: password@123 and object is [[ChromeDriver: chrome on XP (0e3da74d8119515dd71cc5d32ec8d894)] -> xpath: //input[@id='passwd']]]]>
    </line>
    <line>
      <![CDATA[Found element By: By.xpath: //button[@id='SubmitLogin']]]>
    </line>
    <line>
      <![CDATA[Trying to click on: [[ChromeDriver: chrome on XP (0e3da74d8119515dd71cc5d32ec8d894)] -> xpath: //button[@id='SubmitLogin']]]]>
    </line>
    <line>
      <![CDATA[Clicked on: [[ChromeDriver: chrome on XP (0e3da74d8119515dd71cc5d32ec8d894)] -> xpath: //button[@id='SubmitLogin']]]]>
    </line>
    <line>
      <![CDATA[Exception occured: org.openqa.selenium.NoSuchElementException: no such element: Unable to locate element: {"method":"xpath","selector":"//button[@id='SubmitLogin']"}
  (Session info: chrome=65.0.3325.181)
  (Driver info: chromedriver=2.35.528161 (5b82f2d2aae0ca24b877009200ced9065a772e73),platform=Windows NT 10.0.16299 x86_64) (WARNING: The server did not provide any stacktrace information)
Command duration or timeout: 0 milliseconds
For documentation on this error, please visit: http://seleniumhq.org/exceptions/no_such_element.html
Build info: version: '3.8.1', revision: '6e95a6684b', time: '2017-12-01T18:33:54.468Z'
System info: host: 'HIMANI', ip: '192.168.1.7', os.name: 'Windows 10', os.arch: 'amd64', os.version: '10.0', java.version: '9.0.4'
Driver info: org.openqa.selenium.chrome.ChromeDriver
Capabilities {acceptInsecureCerts: false, acceptSslCerts: false, applicationCacheEnabled: false, browserConnectionEnabled: false, browserName: chrome, chrome: {chromedriverVersion: 2.35.528161 (5b82f2d2aae0ca..., userDataDir: C:\Users\Himani\AppData\Loc...}, cssSelectorsEnabled: true, databaseEnabled: false, handlesAlerts: true, hasTouchScreen: false, javascriptEnabled: true, locationContextEnabled: true, mobileEmulationEnabled: false, nativeEvents: true, networkConnectionEnabled: false, pageLoadStrategy: normal, platform: XP, platformName: XP, rotatable: false, setWindowRect: true, takesHeapSnapshot: true, takesScreenshot: true, unexpectedAlertBehaviour: , unhandledPromptBehavior: , version: 65.0.3325.181, webStorageEnabled: true}
Session ID: 0e3da74d8119515dd71cc5d32ec8d894
*** Element info: {Using=xpath, value=//button[@id='SubmitLogin']}]]>
    </line>
    <line>
      <![CDATA[Exception occured: ]]>
    </line>
    <line>
      <![CDATA[Clicked on submit button and object is Proxy element for: DefaultElementLocator 'By.xpath: //button[@id='SubmitLogin']']]>
    </line>
    <line>
      <![CDATA[Found element By: By.xpath: //div[@id='center_column']/h1]]>
    </line>
    <line>
      <![CDATA[User has successfully logged into his/her account]]>
    </line>
    <line>
      <![CDATA[<a href='C:\Automation\Jan18\FirstMavenProject\uiAutomation\src\main\java\com\test\automation\uiAutomation\screenshot\testLogin_testautomation4@gmail.com_02_05_2018_04_40_11.png'><img src='C:\Automation\Jan18\FirstMavenProject\uiAutomation\src\main\java\com\test\automation\uiAutomation\screenshot\testLogin_testautomation4@gmail.com_02_05_2018_04_40_11.png' height='100' width='100'/> </a>]]>
    </line>
    <line>
      <![CDATA[Found element By: By.xpath: //a[@class='logout']]]>
    </line>
    <line>
      <![CDATA[Trying to click on: [[ChromeDriver: chrome on XP (0e3da74d8119515dd71cc5d32ec8d894)] -> xpath: //a[@class='logout']]]]>
    </line>
    <line>
      <![CDATA[Clicked on: [[ChromeDriver: chrome on XP (0e3da74d8119515dd71cc5d32ec8d894)] -> xpath: //a[@class='logout']]]]>
    </line>
    <line>
      <![CDATA[Exception occured: org.openqa.selenium.NoSuchElementException: no such element: Unable to locate element: {"method":"xpath","selector":"//a[@class='logout']"}
  (Session info: chrome=65.0.3325.181)
  (Driver info: chromedriver=2.35.528161 (5b82f2d2aae0ca24b877009200ced9065a772e73),platform=Windows NT 10.0.16299 x86_64) (WARNING: The server did not provide any stacktrace information)
Command duration or timeout: 0 milliseconds
For documentation on this error, please visit: http://seleniumhq.org/exceptions/no_such_element.html
Build info: version: '3.8.1', revision: '6e95a6684b', time: '2017-12-01T18:33:54.468Z'
System info: host: 'HIMANI', ip: '192.168.1.7', os.name: 'Windows 10', os.arch: 'amd64', os.version: '10.0', java.version: '9.0.4'
Driver info: org.openqa.selenium.chrome.ChromeDriver
Capabilities {acceptInsecureCerts: false, acceptSslCerts: false, applicationCacheEnabled: false, browserConnectionEnabled: false, browserName: chrome, chrome: {chromedriverVersion: 2.35.528161 (5b82f2d2aae0ca..., userDataDir: C:\Users\Himani\AppData\Loc...}, cssSelectorsEnabled: true, databaseEnabled: false, handlesAlerts: true, hasTouchScreen: false, javascriptEnabled: true, locationContextEnabled: true, mobileEmulationEnabled: false, nativeEvents: true, networkConnectionEnabled: false, pageLoadStrategy: normal, platform: XP, platformName: XP, rotatable: false, setWindowRect: true, takesHeapSnapshot: true, takesScreenshot: true, unexpectedAlertBehaviour: , unhandledPromptBehavior: , version: 65.0.3325.181, webStorageEnabled: true}
Session ID: 0e3da74d8119515dd71cc5d32ec8d894
*** Element info: {Using=xpath, value=//a[@class='logout']}]]>
    </line>
    <line>
      <![CDATA[Exception occured: ]]>
    </line>
    <line>
      <![CDATA[Clicked on SignOut button and object is Proxy element for: DefaultElementLocator 'By.xpath: //a[@class='logout']']]>
    </line>
    <line>
      <![CDATA[Found element By: By.xpath: //a[@class='login'][@title='Log in to your customer account']]]>
    </line>
    <line>
      <![CDATA[Trying to click on: [[ChromeDriver: chrome on XP (0e3da74d8119515dd71cc5d32ec8d894)] -> xpath: //a[@class='login'][@title='Log in to your customer account']]]]>
    </line>
    <line>
      <![CDATA[Clicked on: [[ChromeDriver: chrome on XP (0e3da74d8119515dd71cc5d32ec8d894)] -> xpath: //a[@class='login'][@title='Log in to your customer account']]]]>
    </line>
    <line>
      <![CDATA[Found element By: By.xpath: //a[@class='login'][@title='Log in to your customer account']]]>
    </line>
    <line>
      <![CDATA[Clicked on SignIn and object is [[ChromeDriver: chrome on XP (0e3da74d8119515dd71cc5d32ec8d894)] -> xpath: //a[@class='login'][@title='Log in to your customer account']]]]>
    </line>
    <line>
      <![CDATA[Found element By: By.xpath: //input[@id='email']]]>
    </line>
    <line>
      <![CDATA[Element value changed to: [[ChromeDriver: chrome on XP (0e3da74d8119515dd71cc5d32ec8d894)] -> xpath: //input[@id='email']]]]>
    </line>
    <line>
      <![CDATA[Found element By: By.xpath: //input[@id='email']]]>
    </line>
    <line>
      <![CDATA[Entered email address: testautomation5@gmail.com and object is [[ChromeDriver: chrome on XP (0e3da74d8119515dd71cc5d32ec8d894)] -> xpath: //input[@id='email']]]]>
    </line>
    <line>
      <![CDATA[Found element By: By.xpath: //input[@id='passwd']]]>
    </line>
    <line>
      <![CDATA[Element value changed to: [[ChromeDriver: chrome on XP (0e3da74d8119515dd71cc5d32ec8d894)] -> xpath: //input[@id='passwd']]]]>
    </line>
    <line>
      <![CDATA[Found element By: By.xpath: //input[@id='passwd']]]>
    </line>
    <line>
      <![CDATA[Entered password: password@123 and object is [[ChromeDriver: chrome on XP (0e3da74d8119515dd71cc5d32ec8d894)] -> xpath: //input[@id='passwd']]]]>
    </line>
    <line>
      <![CDATA[Found element By: By.xpath: //button[@id='SubmitLogin']]]>
    </line>
    <line>
      <![CDATA[Trying to click on: [[ChromeDriver: chrome on XP (0e3da74d8119515dd71cc5d32ec8d894)] -> xpath: //button[@id='SubmitLogin']]]]>
    </line>
    <line>
      <![CDATA[Clicked on: [[ChromeDriver: chrome on XP (0e3da74d8119515dd71cc5d32ec8d894)] -> xpath: //button[@id='SubmitLogin']]]]>
    </line>
    <line>
      <![CDATA[Exception occured: org.openqa.selenium.NoSuchElementException: no such element: Unable to locate element: {"method":"xpath","selector":"//button[@id='SubmitLogin']"}
  (Session info: chrome=65.0.3325.181)
  (Driver info: chromedriver=2.35.528161 (5b82f2d2aae0ca24b877009200ced9065a772e73),platform=Windows NT 10.0.16299 x86_64) (WARNING: The server did not provide any stacktrace information)
Command duration or timeout: 0 milliseconds
For documentation on this error, please visit: http://seleniumhq.org/exceptions/no_such_element.html
Build info: version: '3.8.1', revision: '6e95a6684b', time: '2017-12-01T18:33:54.468Z'
System info: host: 'HIMANI', ip: '192.168.1.7', os.name: 'Windows 10', os.arch: 'amd64', os.version: '10.0', java.version: '9.0.4'
Driver info: org.openqa.selenium.chrome.ChromeDriver
Capabilities {acceptInsecureCerts: false, acceptSslCerts: false, applicationCacheEnabled: false, browserConnectionEnabled: false, browserName: chrome, chrome: {chromedriverVersion: 2.35.528161 (5b82f2d2aae0ca..., userDataDir: C:\Users\Himani\AppData\Loc...}, cssSelectorsEnabled: true, databaseEnabled: false, handlesAlerts: true, hasTouchScreen: false, javascriptEnabled: true, locationContextEnabled: true, mobileEmulationEnabled: false, nativeEvents: true, networkConnectionEnabled: false, pageLoadStrategy: normal, platform: XP, platformName: XP, rotatable: false, setWindowRect: true, takesHeapSnapshot: true, takesScreenshot: true, unexpectedAlertBehaviour: , unhandledPromptBehavior: , version: 65.0.3325.181, webStorageEnabled: true}
Session ID: 0e3da74d8119515dd71cc5d32ec8d894
*** Element info: {Using=xpath, value=//button[@id='SubmitLogin']}]]>
    </line>
    <line>
      <![CDATA[Exception occured: ]]>
    </line>
    <line>
      <![CDATA[Clicked on submit button and object is Proxy element for: DefaultElementLocator 'By.xpath: //button[@id='SubmitLogin']']]>
    </line>
    <line>
      <![CDATA[Found element By: By.xpath: //div[@id='center_column']/h1]]>
    </line>
    <line>
      <![CDATA[User has successfully logged into his/her account]]>
    </line>
    <line>
      <![CDATA[<a href='C:\Automation\Jan18\FirstMavenProject\uiAutomation\src\main\java\com\test\automation\uiAutomation\screenshot\testLogin_testautomation5@gmail.com_02_05_2018_04_41_19.png'><img src='C:\Automation\Jan18\FirstMavenProject\uiAutomation\src\main\java\com\test\automation\uiAutomation\screenshot\testLogin_testautomation5@gmail.com_02_05_2018_04_41_19.png' height='100' width='100'/> </a>]]>
    </line>
    <line>
      <![CDATA[Found element By: By.xpath: //a[@class='logout']]]>
    </line>
    <line>
      <![CDATA[Trying to click on: [[ChromeDriver: chrome on XP (0e3da74d8119515dd71cc5d32ec8d894)] -> xpath: //a[@class='logout']]]]>
    </line>
    <line>
      <![CDATA[Clicked on: [[ChromeDriver: chrome on XP (0e3da74d8119515dd71cc5d32ec8d894)] -> xpath: //a[@class='logout']]]]>
    </line>
    <line>
      <![CDATA[Exception occured: org.openqa.selenium.NoSuchElementException: no such element: Unable to locate element: {"method":"xpath","selector":"//a[@class='logout']"}
  (Session info: chrome=65.0.3325.181)
  (Driver info: chromedriver=2.35.528161 (5b82f2d2aae0ca24b877009200ced9065a772e73),platform=Windows NT 10.0.16299 x86_64) (WARNING: The server did not provide any stacktrace information)
Command duration or timeout: 0 milliseconds
For documentation on this error, please visit: http://seleniumhq.org/exceptions/no_such_element.html
Build info: version: '3.8.1', revision: '6e95a6684b', time: '2017-12-01T18:33:54.468Z'
System info: host: 'HIMANI', ip: '192.168.1.7', os.name: 'Windows 10', os.arch: 'amd64', os.version: '10.0', java.version: '9.0.4'
Driver info: org.openqa.selenium.chrome.ChromeDriver
Capabilities {acceptInsecureCerts: false, acceptSslCerts: false, applicationCacheEnabled: false, browserConnectionEnabled: false, browserName: chrome, chrome: {chromedriverVersion: 2.35.528161 (5b82f2d2aae0ca..., userDataDir: C:\Users\Himani\AppData\Loc...}, cssSelectorsEnabled: true, databaseEnabled: false, handlesAlerts: true, hasTouchScreen: false, javascriptEnabled: true, locationContextEnabled: true, mobileEmulationEnabled: false, nativeEvents: true, networkConnectionEnabled: false, pageLoadStrategy: normal, platform: XP, platformName: XP, rotatable: false, setWindowRect: true, takesHeapSnapshot: true, takesScreenshot: true, unexpectedAlertBehaviour: , unhandledPromptBehavior: , version: 65.0.3325.181, webStorageEnabled: true}
Session ID: 0e3da74d8119515dd71cc5d32ec8d894
*** Element info: {Using=xpath, value=//a[@class='logout']}]]>
    </line>
    <line>
      <![CDATA[Exception occured: ]]>
    </line>
    <line>
      <![CDATA[Clicked on SignOut button and object is Proxy element for: DefaultElementLocator 'By.xpath: //a[@class='logout']']]>
    </line>
    <line>
      <![CDATA[Found element By: By.xpath: //a[@class='login'][@title='Log in to your customer account']]]>
    </line>
    <line>
      <![CDATA[Trying to click on: [[ChromeDriver: chrome on XP (0e3da74d8119515dd71cc5d32ec8d894)] -> xpath: //a[@class='login'][@title='Log in to your customer account']]]]>
    </line>
    <line>
      <![CDATA[Clicked on: [[ChromeDriver: chrome on XP (0e3da74d8119515dd71cc5d32ec8d894)] -> xpath: //a[@class='login'][@title='Log in to your customer account']]]]>
    </line>
    <line>
      <![CDATA[Found element By: By.xpath: //a[@class='login'][@title='Log in to your customer account']]]>
    </line>
    <line>
      <![CDATA[Clicked on SignIn and object is [[ChromeDriver: chrome on XP (0e3da74d8119515dd71cc5d32ec8d894)] -> xpath: //a[@class='login'][@title='Log in to your customer account']]]]>
    </line>
    <line>
      <![CDATA[Found element By: By.xpath: //input[@id='email']]]>
    </line>
    <line>
      <![CDATA[Element value changed to: [[ChromeDriver: chrome on XP (0e3da74d8119515dd71cc5d32ec8d894)] -> xpath: //input[@id='email']]]]>
    </line>
    <line>
      <![CDATA[Found element By: By.xpath: //input[@id='email']]]>
    </line>
    <line>
      <![CDATA[Entered email address: testautomation6@gmail.com and object is [[ChromeDriver: chrome on XP (0e3da74d8119515dd71cc5d32ec8d894)] -> xpath: //input[@id='email']]]]>
    </line>
    <line>
      <![CDATA[Found element By: By.xpath: //input[@id='passwd']]]>
    </line>
    <line>
      <![CDATA[Element value changed to: [[ChromeDriver: chrome on XP (0e3da74d8119515dd71cc5d32ec8d894)] -> xpath: //input[@id='passwd']]]]>
    </line>
    <line>
      <![CDATA[Found element By: By.xpath: //input[@id='passwd']]]>
    </line>
    <line>
      <![CDATA[Entered password: password@123 and object is [[ChromeDriver: chrome on XP (0e3da74d8119515dd71cc5d32ec8d894)] -> xpath: //input[@id='passwd']]]]>
    </line>
    <line>
      <![CDATA[Found element By: By.xpath: //button[@id='SubmitLogin']]]>
    </line>
    <line>
      <![CDATA[Trying to click on: [[ChromeDriver: chrome on XP (0e3da74d8119515dd71cc5d32ec8d894)] -> xpath: //button[@id='SubmitLogin']]]]>
    </line>
    <line>
      <![CDATA[Clicked on: [[ChromeDriver: chrome on XP (0e3da74d8119515dd71cc5d32ec8d894)] -> xpath: //button[@id='SubmitLogin']]]]>
    </line>
    <line>
      <![CDATA[Exception occured: org.openqa.selenium.NoSuchElementException: no such element: Unable to locate element: {"method":"xpath","selector":"//button[@id='SubmitLogin']"}
  (Session info: chrome=65.0.3325.181)
  (Driver info: chromedriver=2.35.528161 (5b82f2d2aae0ca24b877009200ced9065a772e73),platform=Windows NT 10.0.16299 x86_64) (WARNING: The server did not provide any stacktrace information)
Command duration or timeout: 0 milliseconds
For documentation on this error, please visit: http://seleniumhq.org/exceptions/no_such_element.html
Build info: version: '3.8.1', revision: '6e95a6684b', time: '2017-12-01T18:33:54.468Z'
System info: host: 'HIMANI', ip: '192.168.1.7', os.name: 'Windows 10', os.arch: 'amd64', os.version: '10.0', java.version: '9.0.4'
Driver info: org.openqa.selenium.chrome.ChromeDriver
Capabilities {acceptInsecureCerts: false, acceptSslCerts: false, applicationCacheEnabled: false, browserConnectionEnabled: false, browserName: chrome, chrome: {chromedriverVersion: 2.35.528161 (5b82f2d2aae0ca..., userDataDir: C:\Users\Himani\AppData\Loc...}, cssSelectorsEnabled: true, databaseEnabled: false, handlesAlerts: true, hasTouchScreen: false, javascriptEnabled: true, locationContextEnabled: true, mobileEmulationEnabled: false, nativeEvents: true, networkConnectionEnabled: false, pageLoadStrategy: normal, platform: XP, platformName: XP, rotatable: false, setWindowRect: true, takesHeapSnapshot: true, takesScreenshot: true, unexpectedAlertBehaviour: , unhandledPromptBehavior: , version: 65.0.3325.181, webStorageEnabled: true}
Session ID: 0e3da74d8119515dd71cc5d32ec8d894
*** Element info: {Using=xpath, value=//button[@id='SubmitLogin']}]]>
    </line>
    <line>
      <![CDATA[Exception occured: ]]>
    </line>
    <line>
      <![CDATA[Clicked on submit button and object is Proxy element for: DefaultElementLocator 'By.xpath: //button[@id='SubmitLogin']']]>
    </line>
    <line>
      <![CDATA[Found element By: By.xpath: //div[@id='center_column']/h1]]>
    </line>
    <line>
      <![CDATA[User has successfully logged into his/her account]]>
    </line>
    <line>
      <![CDATA[<a href='C:\Automation\Jan18\FirstMavenProject\uiAutomation\src\main\java\com\test\automation\uiAutomation\screenshot\testLogin_testautomation6@gmail.com_02_05_2018_04_42_27.png'><img src='C:\Automation\Jan18\FirstMavenProject\uiAutomation\src\main\java\com\test\automation\uiAutomation\screenshot\testLogin_testautomation6@gmail.com_02_05_2018_04_42_27.png' height='100' width='100'/> </a>]]>
    </line>
    <line>
      <![CDATA[Found element By: By.xpath: //a[@class='logout']]]>
    </line>
    <line>
      <![CDATA[Trying to click on: [[ChromeDriver: chrome on XP (0e3da74d8119515dd71cc5d32ec8d894)] -> xpath: //a[@class='logout']]]]>
    </line>
    <line>
      <![CDATA[Clicked on: [[ChromeDriver: chrome on XP (0e3da74d8119515dd71cc5d32ec8d894)] -> xpath: //a[@class='logout']]]]>
    </line>
    <line>
      <![CDATA[Exception occured: org.openqa.selenium.NoSuchElementException: no such element: Unable to locate element: {"method":"xpath","selector":"//a[@class='logout']"}
  (Session info: chrome=65.0.3325.181)
  (Driver info: chromedriver=2.35.528161 (5b82f2d2aae0ca24b877009200ced9065a772e73),platform=Windows NT 10.0.16299 x86_64) (WARNING: The server did not provide any stacktrace information)
Command duration or timeout: 0 milliseconds
For documentation on this error, please visit: http://seleniumhq.org/exceptions/no_such_element.html
Build info: version: '3.8.1', revision: '6e95a6684b', time: '2017-12-01T18:33:54.468Z'
System info: host: 'HIMANI', ip: '192.168.1.7', os.name: 'Windows 10', os.arch: 'amd64', os.version: '10.0', java.version: '9.0.4'
Driver info: org.openqa.selenium.chrome.ChromeDriver
Capabilities {acceptInsecureCerts: false, acceptSslCerts: false, applicationCacheEnabled: false, browserConnectionEnabled: false, browserName: chrome, chrome: {chromedriverVersion: 2.35.528161 (5b82f2d2aae0ca..., userDataDir: C:\Users\Himani\AppData\Loc...}, cssSelectorsEnabled: true, databaseEnabled: false, handlesAlerts: true, hasTouchScreen: false, javascriptEnabled: true, locationContextEnabled: true, mobileEmulationEnabled: false, nativeEvents: true, networkConnectionEnabled: false, pageLoadStrategy: normal, platform: XP, platformName: XP, rotatable: false, setWindowRect: true, takesHeapSnapshot: true, takesScreenshot: true, unexpectedAlertBehaviour: , unhandledPromptBehavior: , version: 65.0.3325.181, webStorageEnabled: true}
Session ID: 0e3da74d8119515dd71cc5d32ec8d894
*** Element info: {Using=xpath, value=//a[@class='logout']}]]>
    </line>
    <line>
      <![CDATA[Exception occured: ]]>
    </line>
    <line>
      <![CDATA[Clicked on SignOut button and object is Proxy element for: DefaultElementLocator 'By.xpath: //a[@class='logout']']]>
    </line>
    <line>
      <![CDATA[browser closed]]>
    </line>
    <line>
      <![CDATA[Found element By: By.xpath: //a[@class='login'][@title='Log in to your customer account']]]>
    </line>
    <line>
      <![CDATA[Trying to click on: [[ChromeDriver: chrome on XP (7e898cdd49b68bb4a444a3e9618fd03f)] -> xpath: //a[@class='login'][@title='Log in to your customer account']]]]>
    </line>
    <line>
      <![CDATA[Clicked on: [[ChromeDriver: chrome on XP (7e898cdd49b68bb4a444a3e9618fd03f)] -> xpath: //a[@class='login'][@title='Log in to your customer account']]]]>
    </line>
    <line>
      <![CDATA[Found element By: By.xpath: //a[@class='login'][@title='Log in to your customer account']]]>
    </line>
    <line>
      <![CDATA[Clicked on SignIn and object is [[ChromeDriver: chrome on XP (7e898cdd49b68bb4a444a3e9618fd03f)] -> xpath: //a[@class='login'][@title='Log in to your customer account']]]]>
    </line>
    <line>
      <![CDATA[Found element By: By.xpath: //input[@id='email']]]>
    </line>
    <line>
      <![CDATA[Element value changed to: [[ChromeDriver: chrome on XP (7e898cdd49b68bb4a444a3e9618fd03f)] -> xpath: //input[@id='email']]]]>
    </line>
    <line>
      <![CDATA[Found element By: By.xpath: //input[@id='email']]]>
    </line>
    <line>
      <![CDATA[Entered email address: test@gmail.com and object is [[ChromeDriver: chrome on XP (7e898cdd49b68bb4a444a3e9618fd03f)] -> xpath: //input[@id='email']]]]>
    </line>
    <line>
      <![CDATA[Found element By: By.xpath: //input[@id='passwd']]]>
    </line>
    <line>
      <![CDATA[Element value changed to: [[ChromeDriver: chrome on XP (7e898cdd49b68bb4a444a3e9618fd03f)] -> xpath: //input[@id='passwd']]]]>
    </line>
    <line>
      <![CDATA[Found element By: By.xpath: //input[@id='passwd']]]>
    </line>
    <line>
      <![CDATA[Entered password: password and object is [[ChromeDriver: chrome on XP (7e898cdd49b68bb4a444a3e9618fd03f)] -> xpath: //input[@id='passwd']]]]>
    </line>
    <line>
      <![CDATA[Found element By: By.xpath: //button[@id='SubmitLogin']]]>
    </line>
    <line>
      <![CDATA[Trying to click on: [[ChromeDriver: chrome on XP (7e898cdd49b68bb4a444a3e9618fd03f)] -> xpath: //button[@id='SubmitLogin']]]]>
    </line>
    <line>
      <![CDATA[Clicked on: [[ChromeDriver: chrome on XP (7e898cdd49b68bb4a444a3e9618fd03f)] -> xpath: //button[@id='SubmitLogin']]]]>
    </line>
    <line>
      <![CDATA[Found element By: By.xpath: //button[@id='SubmitLogin']]]>
    </line>
    <line>
      <![CDATA[Clicked on submit button and object is [[ChromeDriver: chrome on XP (7e898cdd49b68bb4a444a3e9618fd03f)] -> xpath: //button[@id='SubmitLogin']]]]>
    </line>
    <line>
      <![CDATA[Found element By: By.xpath: //div[@class='alert alert-danger']/ol/li]]>
    </line>
    <line>
      <![CDATA[Error message is Authentication failed.]]>
    </line>
    <line>
      <![CDATA[Found element By: By.xpath: //div[@class='alert alert-danger']/ol/li]]>
    </line>
    <line>
      <![CDATA[browser closed]]>
    </line>
    <line>
      <![CDATA[Creating object of chrome]]>
    </line>
    <line>
      <![CDATA[Navigating to http://automationpractice.com/index.php]]>
    </line>
    <line>
      <![CDATA[Navigate to: 'http://automationpractice.com/index.php']]>
    </line>
    <line>
      <![CDATA[Found element By: By.cssSelector: ul[class^='sf-menu']>li>a[title='Women']]]>
    </line>
    <line>
      <![CDATA[Exception occured: org.openqa.selenium.UnsupportedCommandException: actions
Build info: version: '3.8.1', revision: '6e95a6684b', time: '2017-12-01T18:33:54.468Z'
System info: host: 'HIMANI', ip: '192.168.1.7', os.name: 'Windows 10', os.arch: 'amd64', os.version: '10.0', java.version: '9.0.4'
Driver info: driver.version: EventFiringWebDriver]]>
    </line>
    <line>
      <![CDATA[Exception occured: ]]>
    </line>
    <line>
      <![CDATA[Mouse hover over option: Women]]>
    </line>
    <line>
      <![CDATA[<a href='C:\Automation\Jan18\FirstMavenProject\uiAutomation\src\main\java\com\test\automation\uiAutomation\screenshot\TC004_VerifyNavigationToApparelPage_ClickOnWomen_02_05_2018_04_43_22.png'><img src='C:\Automation\Jan18\FirstMavenProject\uiAutomation\src\main\java\com\test\automation\uiAutomation\screenshot\TC004_VerifyNavigationToApparelPage_ClickOnWomen_02_05_2018_04_43_22.png' height='100' width='100'/> </a>]]>
    </line>
    <line>
      <![CDATA[Found element By: By.cssSelector: ul[class^='sf-menu']>li>a[title='Women']+ul>li>ul>li>a[title='Blouses']]]>
    </line>
    <line>
      <![CDATA[Exception occured: org.openqa.selenium.UnsupportedCommandException: actions
Build info: version: '3.8.1', revision: '6e95a6684b', time: '2017-12-01T18:33:54.468Z'
System info: host: 'HIMANI', ip: '192.168.1.7', os.name: 'Windows 10', os.arch: 'amd64', os.version: '10.0', java.version: '9.0.4'
Driver info: driver.version: EventFiringWebDriver]]>
    </line>
    <line>
      <![CDATA[Exception occured: ]]>
    </line>
    <line>
      <![CDATA[Clicked on apparel option: Blouses in Women section]]>
    </line>
    <line>
      <![CDATA[<a href='C:\Automation\Jan18\FirstMavenProject\uiAutomation\src\main\java\com\test\automation\uiAutomation\screenshot\TC004_VerifyNavigationToApparelPage_ClickOnApparelOption_02_05_2018_04_43_26.png'><img src='C:\Automation\Jan18\FirstMavenProject\uiAutomation\src\main\java\com\test\automation\uiAutomation\screenshot\TC004_VerifyNavigationToApparelPage_ClickOnApparelOption_02_05_2018_04_43_26.png' height='100' width='100'/> </a>]]>
    </line>
    <line>
      <![CDATA[browser closed]]>
    </line>
    <line>
      <![CDATA[Creating object of chrome]]>
    </line>
    <line>
      <![CDATA[Navigating to http://automationpractice.com/index.php]]>
    </line>
    <line>
      <![CDATA[Navigate to: 'http://automationpractice.com/index.php']]>
    </line>
    <line>
      <![CDATA[Found element By: By.cssSelector: ul[class^='sf-menu']>li>a[title='Dresses']]]>
    </line>
    <line>
      <![CDATA[Exception occured: org.openqa.selenium.UnsupportedCommandException: actions
Build info: version: '3.8.1', revision: '6e95a6684b', time: '2017-12-01T18:33:54.468Z'
System info: host: 'HIMANI', ip: '192.168.1.7', os.name: 'Windows 10', os.arch: 'amd64', os.version: '10.0', java.version: '9.0.4'
Driver info: driver.version: EventFiringWebDriver]]>
    </line>
    <line>
      <![CDATA[Exception occured: ]]>
    </line>
    <line>
      <![CDATA[Mouse hover over option: Dresses]]>
    </line>
    <line>
      <![CDATA[Found element By: By.cssSelector: ul[class^='sf-menu']>li>a[title='Dresses']+ul>li>a[title='Casual Dresses']]]>
    </line>
    <line>
      <![CDATA[Exception occured: org.openqa.selenium.UnsupportedCommandException: actions
Build info: version: '3.8.1', revision: '6e95a6684b', time: '2017-12-01T18:33:54.468Z'
System info: host: 'HIMANI', ip: '192.168.1.7', os.name: 'Windows 10', os.arch: 'amd64', os.version: '10.0', java.version: '9.0.4'
Driver info: driver.version: EventFiringWebDriver]]>
    </line>
    <line>
      <![CDATA[Exception occured: ]]>
    </line>
    <line>
      <![CDATA[Clicked on apparel option: Casual Dresses in Dresses section]]>
    </line>
    <line>
      <![CDATA[Found element By: By.xpath: //div[@class='product-container']//a[contains(text(),'Printed Dress')]]]>
    </line>
    <line>
      <![CDATA[Trying to click on: [[ChromeDriver: chrome on XP (0ec6539518ed34ef98a38cec2a7c0762)] -> xpath: //div[@class='product-container']//a[contains(text(),'Printed Dress')]]]]>
    </line>
    <line>
      <![CDATA[Clicked on: [[ChromeDriver: chrome on XP (0ec6539518ed34ef98a38cec2a7c0762)] -> xpath: //div[@class='product-container']//a[contains(text(),'Printed Dress')]]]]>
    </line>
    <line>
      <![CDATA[Printed Dress has been selected]]>
    </line>
    <line>
      <![CDATA[Found element By: By.xpath: //p[@id='add_to_cart']/button[@name='Submit']]]>
    </line>
    <line>
      <![CDATA[Trying to click on: [[ChromeDriver: chrome on XP (0ec6539518ed34ef98a38cec2a7c0762)] -> xpath: //p[@id='add_to_cart']/button[@name='Submit']]]]>
    </line>
    <line>
      <![CDATA[Clicked on: [[ChromeDriver: chrome on XP (0ec6539518ed34ef98a38cec2a7c0762)] -> xpath: //p[@id='add_to_cart']/button[@name='Submit']]]]>
    </line>
    <line>
      <![CDATA[Found element By: By.xpath: //p[@id='add_to_cart']/button[@name='Submit']]]>
    </line>
    <line>
      <![CDATA[Clicked on add to cart button and object is Add to cart]]>
    </line>
    <line>
      <![CDATA[browser closed]]>
    </line>
    <line>
      <![CDATA[Creating object of chrome]]>
    </line>
    <line>
      <![CDATA[Navigating to http://automationpractice.com/index.php]]>
    </line>
    <line>
      <![CDATA[Navigate to: 'http://automationpractice.com/index.php']]>
    </line>
    <line>
      <![CDATA[Found element By: By.cssSelector: ul[class^='sf-menu']>li>a[title='Dresses']]]>
    </line>
    <line>
      <![CDATA[Exception occured: org.openqa.selenium.UnsupportedCommandException: actions
Build info: version: '3.8.1', revision: '6e95a6684b', time: '2017-12-01T18:33:54.468Z'
System info: host: 'HIMANI', ip: '192.168.1.7', os.name: 'Windows 10', os.arch: 'amd64', os.version: '10.0', java.version: '9.0.4'
Driver info: driver.version: EventFiringWebDriver]]>
    </line>
    <line>
      <![CDATA[Exception occured: ]]>
    </line>
    <line>
      <![CDATA[Mouse hover over option: Dresses]]>
    </line>
    <line>
      <![CDATA[Found element By: By.cssSelector: ul[class^='sf-menu']>li>a[title='Dresses']+ul>li>a[title='Casual Dresses']]]>
    </line>
    <line>
      <![CDATA[Exception occured: org.openqa.selenium.UnsupportedCommandException: actions
Build info: version: '3.8.1', revision: '6e95a6684b', time: '2017-12-01T18:33:54.468Z'
System info: host: 'HIMANI', ip: '192.168.1.7', os.name: 'Windows 10', os.arch: 'amd64', os.version: '10.0', java.version: '9.0.4'
Driver info: driver.version: EventFiringWebDriver]]>
    </line>
    <line>
      <![CDATA[Exception occured: ]]>
    </line>
    <line>
      <![CDATA[Clicked on apparel option: Casual Dresses in Dresses section]]>
    </line>
    <line>
      <![CDATA[Found element By: By.xpath: //div[@class='product-container']//a[contains(text(),'Printed Dress')]]]>
    </line>
    <line>
      <![CDATA[Trying to click on: [[ChromeDriver: chrome on XP (e5fda1bcbddff0955c26a9c579d3b5d6)] -> xpath: //div[@class='product-container']//a[contains(text(),'Printed Dress')]]]]>
    </line>
    <line>
      <![CDATA[Clicked on: [[ChromeDriver: chrome on XP (e5fda1bcbddff0955c26a9c579d3b5d6)] -> xpath: //div[@class='product-container']//a[contains(text(),'Printed Dress')]]]]>
    </line>
    <line>
      <![CDATA[Printed Dress has been selected]]>
    </line>
    <line>
      <![CDATA[Found element By: By.cssSelector: button[class='btn btn-default btn-twitter']]]>
    </line>
    <line>
      <![CDATA[Trying to click on: [[ChromeDriver: chrome on XP (e5fda1bcbddff0955c26a9c579d3b5d6)] -> css selector: button[class='btn btn-default btn-twitter']]]]>
    </line>
    <line>
      <![CDATA[Clicked on: [[ChromeDriver: chrome on XP (e5fda1bcbddff0955c26a9c579d3b5d6)] -> css selector: button[class='btn btn-default btn-twitter']]]]>
    </line>
    <line>
      <![CDATA[Found element By: By.cssSelector: button[class='btn btn-default btn-twitter']]]>
    </line>
    <line>
      <![CDATA[Clicked on tweet button and object is Tweet]]>
    </line>
    <line>
      <![CDATA[Found element By: By.cssSelector: h2[class='action-information']]]>
    </line>
    <line>
      <![CDATA[browser closed]]>
    </line>
  </reporter-output>
  <suite started-at="2018-05-02T11:07:02Z" name="Regression Suite" finished-at="2018-05-02T11:14:16Z" duration-ms="433905">
    <groups>
    </groups>
    <test started-at="2018-05-02T11:07:02Z" name="HomePageTest" finished-at="2018-05-02T11:13:27Z" duration-ms="385021">
      <class name="com.test.automation.uiAutomation.homepage.TC003_VerifyLoginWithDifferentRecords">
        <test-method is-config="true" signature="setup()[pri:0, instance:com.test.automation.uiAutomation.homepage.TC003_VerifyLoginWithDifferentRecords@2bec854f]" started-at="2018-05-02T16:39:13Z" name="setup" finished-at="2018-05-02T16:39:35Z" duration-ms="21844" status="PASS">
          <reporter-output>
            <line>
              <![CDATA[Creating object of chrome]]>
            </line>
            <line>
              <![CDATA[Navigating to http://automationpractice.com/index.php]]>
            </line>
            <line>
              <![CDATA[Navigate to: 'http://automationpractice.com/index.php']]>
            </line>
          </reporter-output>
        </test-method> <!-- setup -->
        <test-method signature="TestLogin(java.lang.String, java.lang.String, java.lang.String)[pri:0, instance:com.test.automation.uiAutomation.homepage.TC003_VerifyLoginWithDifferentRecords@2bec854f]" started-at="2018-05-02T16:39:36Z" name="TestLogin" data-provider="LoginData" finished-at="2018-05-02T16:40:45Z" duration-ms="68884" status="PASS">
          <params>
            <param index="0">
              <value>
                <![CDATA[testautomation4@gmail.com]]>
              </value>
            </param>
            <param index="1">
              <value>
                <![CDATA[password@123]]>
              </value>
            </param>
            <param index="2">
              <value>
                <![CDATA[y]]>
              </value>
            </param>
          </params>
          <reporter-output>
            <line>
              <![CDATA[Found element By: By.xpath: //a[@class='login'][@title='Log in to your customer account']]]>
            </line>
            <line>
              <![CDATA[Trying to click on: [[ChromeDriver: chrome on XP (0e3da74d8119515dd71cc5d32ec8d894)] -> xpath: //a[@class='login'][@title='Log in to your customer account']]]]>
            </line>
            <line>
              <![CDATA[Clicked on: [[ChromeDriver: chrome on XP (0e3da74d8119515dd71cc5d32ec8d894)] -> xpath: //a[@class='login'][@title='Log in to your customer account']]]]>
            </line>
            <line>
              <![CDATA[Found element By: By.xpath: //a[@class='login'][@title='Log in to your customer account']]]>
            </line>
            <line>
              <![CDATA[Clicked on SignIn and object is [[ChromeDriver: chrome on XP (0e3da74d8119515dd71cc5d32ec8d894)] -> xpath: //a[@class='login'][@title='Log in to your customer account']]]]>
            </line>
            <line>
              <![CDATA[Found element By: By.xpath: //input[@id='email']]]>
            </line>
            <line>
              <![CDATA[Element value changed to: [[ChromeDriver: chrome on XP (0e3da74d8119515dd71cc5d32ec8d894)] -> xpath: //input[@id='email']]]]>
            </line>
            <line>
              <![CDATA[Found element By: By.xpath: //input[@id='email']]]>
            </line>
            <line>
              <![CDATA[Entered email address: testautomation4@gmail.com and object is [[ChromeDriver: chrome on XP (0e3da74d8119515dd71cc5d32ec8d894)] -> xpath: //input[@id='email']]]]>
            </line>
            <line>
              <![CDATA[Found element By: By.xpath: //input[@id='passwd']]]>
            </line>
            <line>
              <![CDATA[Element value changed to: [[ChromeDriver: chrome on XP (0e3da74d8119515dd71cc5d32ec8d894)] -> xpath: //input[@id='passwd']]]]>
            </line>
            <line>
              <![CDATA[Found element By: By.xpath: //input[@id='passwd']]]>
            </line>
            <line>
              <![CDATA[Entered password: password@123 and object is [[ChromeDriver: chrome on XP (0e3da74d8119515dd71cc5d32ec8d894)] -> xpath: //input[@id='passwd']]]]>
            </line>
            <line>
              <![CDATA[Found element By: By.xpath: //button[@id='SubmitLogin']]]>
            </line>
            <line>
              <![CDATA[Trying to click on: [[ChromeDriver: chrome on XP (0e3da74d8119515dd71cc5d32ec8d894)] -> xpath: //button[@id='SubmitLogin']]]]>
            </line>
            <line>
              <![CDATA[Clicked on: [[ChromeDriver: chrome on XP (0e3da74d8119515dd71cc5d32ec8d894)] -> xpath: //button[@id='SubmitLogin']]]]>
            </line>
            <line>
              <![CDATA[Exception occured: org.openqa.selenium.NoSuchElementException: no such element: Unable to locate element: {"method":"xpath","selector":"//button[@id='SubmitLogin']"}
  (Session info: chrome=65.0.3325.181)
  (Driver info: chromedriver=2.35.528161 (5b82f2d2aae0ca24b877009200ced9065a772e73),platform=Windows NT 10.0.16299 x86_64) (WARNING: The server did not provide any stacktrace information)
Command duration or timeout: 0 milliseconds
For documentation on this error, please visit: http://seleniumhq.org/exceptions/no_such_element.html
Build info: version: '3.8.1', revision: '6e95a6684b', time: '2017-12-01T18:33:54.468Z'
System info: host: 'HIMANI', ip: '192.168.1.7', os.name: 'Windows 10', os.arch: 'amd64', os.version: '10.0', java.version: '9.0.4'
Driver info: org.openqa.selenium.chrome.ChromeDriver
Capabilities {acceptInsecureCerts: false, acceptSslCerts: false, applicationCacheEnabled: false, browserConnectionEnabled: false, browserName: chrome, chrome: {chromedriverVersion: 2.35.528161 (5b82f2d2aae0ca..., userDataDir: C:\Users\Himani\AppData\Loc...}, cssSelectorsEnabled: true, databaseEnabled: false, handlesAlerts: true, hasTouchScreen: false, javascriptEnabled: true, locationContextEnabled: true, mobileEmulationEnabled: false, nativeEvents: true, networkConnectionEnabled: false, pageLoadStrategy: normal, platform: XP, platformName: XP, rotatable: false, setWindowRect: true, takesHeapSnapshot: true, takesScreenshot: true, unexpectedAlertBehaviour: , unhandledPromptBehavior: , version: 65.0.3325.181, webStorageEnabled: true}
Session ID: 0e3da74d8119515dd71cc5d32ec8d894
*** Element info: {Using=xpath, value=//button[@id='SubmitLogin']}]]>
            </line>
            <line>
              <![CDATA[Exception occured: ]]>
            </line>
            <line>
              <![CDATA[Clicked on submit button and object is Proxy element for: DefaultElementLocator 'By.xpath: //button[@id='SubmitLogin']']]>
            </line>
            <line>
              <![CDATA[Found element By: By.xpath: //div[@id='center_column']/h1]]>
            </line>
            <line>
              <![CDATA[User has successfully logged into his/her account]]>
            </line>
            <line>
              <![CDATA[<a href='C:\Automation\Jan18\FirstMavenProject\uiAutomation\src\main\java\com\test\automation\uiAutomation\screenshot\testLogin_testautomation4@gmail.com_02_05_2018_04_40_11.png'><img src='C:\Automation\Jan18\FirstMavenProject\uiAutomation\src\main\java\com\test\automation\uiAutomation\screenshot\testLogin_testautomation4@gmail.com_02_05_2018_04_40_11.png' height='100' width='100'/> </a>]]>
            </line>
            <line>
              <![CDATA[Found element By: By.xpath: //a[@class='logout']]]>
            </line>
            <line>
              <![CDATA[Trying to click on: [[ChromeDriver: chrome on XP (0e3da74d8119515dd71cc5d32ec8d894)] -> xpath: //a[@class='logout']]]]>
            </line>
            <line>
              <![CDATA[Clicked on: [[ChromeDriver: chrome on XP (0e3da74d8119515dd71cc5d32ec8d894)] -> xpath: //a[@class='logout']]]]>
            </line>
            <line>
              <![CDATA[Exception occured: org.openqa.selenium.NoSuchElementException: no such element: Unable to locate element: {"method":"xpath","selector":"//a[@class='logout']"}
  (Session info: chrome=65.0.3325.181)
  (Driver info: chromedriver=2.35.528161 (5b82f2d2aae0ca24b877009200ced9065a772e73),platform=Windows NT 10.0.16299 x86_64) (WARNING: The server did not provide any stacktrace information)
Command duration or timeout: 0 milliseconds
For documentation on this error, please visit: http://seleniumhq.org/exceptions/no_such_element.html
Build info: version: '3.8.1', revision: '6e95a6684b', time: '2017-12-01T18:33:54.468Z'
System info: host: 'HIMANI', ip: '192.168.1.7', os.name: 'Windows 10', os.arch: 'amd64', os.version: '10.0', java.version: '9.0.4'
Driver info: org.openqa.selenium.chrome.ChromeDriver
Capabilities {acceptInsecureCerts: false, acceptSslCerts: false, applicationCacheEnabled: false, browserConnectionEnabled: false, browserName: chrome, chrome: {chromedriverVersion: 2.35.528161 (5b82f2d2aae0ca..., userDataDir: C:\Users\Himani\AppData\Loc...}, cssSelectorsEnabled: true, databaseEnabled: false, handlesAlerts: true, hasTouchScreen: false, javascriptEnabled: true, locationContextEnabled: true, mobileEmulationEnabled: false, nativeEvents: true, networkConnectionEnabled: false, pageLoadStrategy: normal, platform: XP, platformName: XP, rotatable: false, setWindowRect: true, takesHeapSnapshot: true, takesScreenshot: true, unexpectedAlertBehaviour: , unhandledPromptBehavior: , version: 65.0.3325.181, webStorageEnabled: true}
Session ID: 0e3da74d8119515dd71cc5d32ec8d894
*** Element info: {Using=xpath, value=//a[@class='logout']}]]>
            </line>
            <line>
              <![CDATA[Exception occured: ]]>
            </line>
            <line>
              <![CDATA[Clicked on SignOut button and object is Proxy element for: DefaultElementLocator 'By.xpath: //a[@class='logout']']]>
            </line>
          </reporter-output>
        </test-method> <!-- TestLogin -->
        <test-method is-config="true" signature="beforeMethod(java.lang.reflect.Method)[pri:0, instance:com.test.automation.uiAutomation.homepage.TC003_VerifyLoginWithDifferentRecords@2bec854f]" started-at="2018-05-02T16:39:36Z" name="beforeMethod" finished-at="2018-05-02T16:39:36Z" duration-ms="0" status="PASS">
          <params>
            <param index="0">
              <value>
                <![CDATA[public void com.test.automation.uiAutomation.homepage.TC003_VerifyLoginWithDifferentRecords.TestLogin(java.lang.String,java.lang.String,java.lang.String)]]>
              </value>
            </param>
          </params>
          <reporter-output>
          </reporter-output>
        </test-method> <!-- beforeMethod -->
        <test-method is-config="true" signature="afterMethod(org.testng.ITestResult)[pri:0, instance:com.test.automation.uiAutomation.homepage.TC003_VerifyLoginWithDifferentRecords@2bec854f]" started-at="2018-05-02T16:40:45Z" name="afterMethod" finished-at="2018-05-02T16:40:45Z" duration-ms="1" status="PASS">
          <params>
            <param index="0">
              <value>
                <![CDATA[[TestResult name=TestLogin status=SUCCESS method=TC003_VerifyLoginWithDifferentRecords.TestLogin(java.lang.String, java.lang.String, java.lang.String)[pri:0, instance:com.test.automation.uiAutomation.homepage.TC003_VerifyLoginWithDifferentRecords@2bec854f] output=Found element By: By.xpath: //a[@class='login'][@title='Log in to your customer account']]]]>
              </value>
            </param>
          </params>
          <reporter-output>
          </reporter-output>
        </test-method> <!-- afterMethod -->
        <test-method is-config="true" signature="beforeMethod(java.lang.reflect.Method)[pri:0, instance:com.test.automation.uiAutomation.homepage.TC003_VerifyLoginWithDifferentRecords@2bec854f]" started-at="2018-05-02T16:40:45Z" name="beforeMethod" finished-at="2018-05-02T16:40:45Z" duration-ms="1" status="PASS">
          <params>
            <param index="0">
              <value>
                <![CDATA[public void com.test.automation.uiAutomation.homepage.TC003_VerifyLoginWithDifferentRecords.TestLogin(java.lang.String,java.lang.String,java.lang.String)]]>
              </value>
            </param>
          </params>
          <reporter-output>
          </reporter-output>
        </test-method> <!-- beforeMethod -->
        <test-method signature="TestLogin(java.lang.String, java.lang.String, java.lang.String)[pri:0, instance:com.test.automation.uiAutomation.homepage.TC003_VerifyLoginWithDifferentRecords@2bec854f]" started-at="2018-05-02T16:40:45Z" name="TestLogin" data-provider="LoginData" finished-at="2018-05-02T16:41:53Z" duration-ms="68246" status="PASS">
          <params>
            <param index="0">
              <value>
                <![CDATA[testautomation5@gmail.com]]>
              </value>
            </param>
            <param index="1">
              <value>
                <![CDATA[password@123]]>
              </value>
            </param>
            <param index="2">
              <value>
                <![CDATA[y]]>
              </value>
            </param>
          </params>
          <reporter-output>
            <line>
              <![CDATA[Found element By: By.xpath: //a[@class='login'][@title='Log in to your customer account']]]>
            </line>
            <line>
              <![CDATA[Trying to click on: [[ChromeDriver: chrome on XP (0e3da74d8119515dd71cc5d32ec8d894)] -> xpath: //a[@class='login'][@title='Log in to your customer account']]]]>
            </line>
            <line>
              <![CDATA[Clicked on: [[ChromeDriver: chrome on XP (0e3da74d8119515dd71cc5d32ec8d894)] -> xpath: //a[@class='login'][@title='Log in to your customer account']]]]>
            </line>
            <line>
              <![CDATA[Found element By: By.xpath: //a[@class='login'][@title='Log in to your customer account']]]>
            </line>
            <line>
              <![CDATA[Clicked on SignIn and object is [[ChromeDriver: chrome on XP (0e3da74d8119515dd71cc5d32ec8d894)] -> xpath: //a[@class='login'][@title='Log in to your customer account']]]]>
            </line>
            <line>
              <![CDATA[Found element By: By.xpath: //input[@id='email']]]>
            </line>
            <line>
              <![CDATA[Element value changed to: [[ChromeDriver: chrome on XP (0e3da74d8119515dd71cc5d32ec8d894)] -> xpath: //input[@id='email']]]]>
            </line>
            <line>
              <![CDATA[Found element By: By.xpath: //input[@id='email']]]>
            </line>
            <line>
              <![CDATA[Entered email address: testautomation5@gmail.com and object is [[ChromeDriver: chrome on XP (0e3da74d8119515dd71cc5d32ec8d894)] -> xpath: //input[@id='email']]]]>
            </line>
            <line>
              <![CDATA[Found element By: By.xpath: //input[@id='passwd']]]>
            </line>
            <line>
              <![CDATA[Element value changed to: [[ChromeDriver: chrome on XP (0e3da74d8119515dd71cc5d32ec8d894)] -> xpath: //input[@id='passwd']]]]>
            </line>
            <line>
              <![CDATA[Found element By: By.xpath: //input[@id='passwd']]]>
            </line>
            <line>
              <![CDATA[Entered password: password@123 and object is [[ChromeDriver: chrome on XP (0e3da74d8119515dd71cc5d32ec8d894)] -> xpath: //input[@id='passwd']]]]>
            </line>
            <line>
              <![CDATA[Found element By: By.xpath: //button[@id='SubmitLogin']]]>
            </line>
            <line>
              <![CDATA[Trying to click on: [[ChromeDriver: chrome on XP (0e3da74d8119515dd71cc5d32ec8d894)] -> xpath: //button[@id='SubmitLogin']]]]>
            </line>
            <line>
              <![CDATA[Clicked on: [[ChromeDriver: chrome on XP (0e3da74d8119515dd71cc5d32ec8d894)] -> xpath: //button[@id='SubmitLogin']]]]>
            </line>
            <line>
              <![CDATA[Exception occured: org.openqa.selenium.NoSuchElementException: no such element: Unable to locate element: {"method":"xpath","selector":"//button[@id='SubmitLogin']"}
  (Session info: chrome=65.0.3325.181)
  (Driver info: chromedriver=2.35.528161 (5b82f2d2aae0ca24b877009200ced9065a772e73),platform=Windows NT 10.0.16299 x86_64) (WARNING: The server did not provide any stacktrace information)
Command duration or timeout: 0 milliseconds
For documentation on this error, please visit: http://seleniumhq.org/exceptions/no_such_element.html
Build info: version: '3.8.1', revision: '6e95a6684b', time: '2017-12-01T18:33:54.468Z'
System info: host: 'HIMANI', ip: '192.168.1.7', os.name: 'Windows 10', os.arch: 'amd64', os.version: '10.0', java.version: '9.0.4'
Driver info: org.openqa.selenium.chrome.ChromeDriver
Capabilities {acceptInsecureCerts: false, acceptSslCerts: false, applicationCacheEnabled: false, browserConnectionEnabled: false, browserName: chrome, chrome: {chromedriverVersion: 2.35.528161 (5b82f2d2aae0ca..., userDataDir: C:\Users\Himani\AppData\Loc...}, cssSelectorsEnabled: true, databaseEnabled: false, handlesAlerts: true, hasTouchScreen: false, javascriptEnabled: true, locationContextEnabled: true, mobileEmulationEnabled: false, nativeEvents: true, networkConnectionEnabled: false, pageLoadStrategy: normal, platform: XP, platformName: XP, rotatable: false, setWindowRect: true, takesHeapSnapshot: true, takesScreenshot: true, unexpectedAlertBehaviour: , unhandledPromptBehavior: , version: 65.0.3325.181, webStorageEnabled: true}
Session ID: 0e3da74d8119515dd71cc5d32ec8d894
*** Element info: {Using=xpath, value=//button[@id='SubmitLogin']}]]>
            </line>
            <line>
              <![CDATA[Exception occured: ]]>
            </line>
            <line>
              <![CDATA[Clicked on submit button and object is Proxy element for: DefaultElementLocator 'By.xpath: //button[@id='SubmitLogin']']]>
            </line>
            <line>
              <![CDATA[Found element By: By.xpath: //div[@id='center_column']/h1]]>
            </line>
            <line>
              <![CDATA[User has successfully logged into his/her account]]>
            </line>
            <line>
              <![CDATA[<a href='C:\Automation\Jan18\FirstMavenProject\uiAutomation\src\main\java\com\test\automation\uiAutomation\screenshot\testLogin_testautomation5@gmail.com_02_05_2018_04_41_19.png'><img src='C:\Automation\Jan18\FirstMavenProject\uiAutomation\src\main\java\com\test\automation\uiAutomation\screenshot\testLogin_testautomation5@gmail.com_02_05_2018_04_41_19.png' height='100' width='100'/> </a>]]>
            </line>
            <line>
              <![CDATA[Found element By: By.xpath: //a[@class='logout']]]>
            </line>
            <line>
              <![CDATA[Trying to click on: [[ChromeDriver: chrome on XP (0e3da74d8119515dd71cc5d32ec8d894)] -> xpath: //a[@class='logout']]]]>
            </line>
            <line>
              <![CDATA[Clicked on: [[ChromeDriver: chrome on XP (0e3da74d8119515dd71cc5d32ec8d894)] -> xpath: //a[@class='logout']]]]>
            </line>
            <line>
              <![CDATA[Exception occured: org.openqa.selenium.NoSuchElementException: no such element: Unable to locate element: {"method":"xpath","selector":"//a[@class='logout']"}
  (Session info: chrome=65.0.3325.181)
  (Driver info: chromedriver=2.35.528161 (5b82f2d2aae0ca24b877009200ced9065a772e73),platform=Windows NT 10.0.16299 x86_64) (WARNING: The server did not provide any stacktrace information)
Command duration or timeout: 0 milliseconds
For documentation on this error, please visit: http://seleniumhq.org/exceptions/no_such_element.html
Build info: version: '3.8.1', revision: '6e95a6684b', time: '2017-12-01T18:33:54.468Z'
System info: host: 'HIMANI', ip: '192.168.1.7', os.name: 'Windows 10', os.arch: 'amd64', os.version: '10.0', java.version: '9.0.4'
Driver info: org.openqa.selenium.chrome.ChromeDriver
Capabilities {acceptInsecureCerts: false, acceptSslCerts: false, applicationCacheEnabled: false, browserConnectionEnabled: false, browserName: chrome, chrome: {chromedriverVersion: 2.35.528161 (5b82f2d2aae0ca..., userDataDir: C:\Users\Himani\AppData\Loc...}, cssSelectorsEnabled: true, databaseEnabled: false, handlesAlerts: true, hasTouchScreen: false, javascriptEnabled: true, locationContextEnabled: true, mobileEmulationEnabled: false, nativeEvents: true, networkConnectionEnabled: false, pageLoadStrategy: normal, platform: XP, platformName: XP, rotatable: false, setWindowRect: true, takesHeapSnapshot: true, takesScreenshot: true, unexpectedAlertBehaviour: , unhandledPromptBehavior: , version: 65.0.3325.181, webStorageEnabled: true}
Session ID: 0e3da74d8119515dd71cc5d32ec8d894
*** Element info: {Using=xpath, value=//a[@class='logout']}]]>
            </line>
            <line>
              <![CDATA[Exception occured: ]]>
            </line>
            <line>
              <![CDATA[Clicked on SignOut button and object is Proxy element for: DefaultElementLocator 'By.xpath: //a[@class='logout']']]>
            </line>
          </reporter-output>
        </test-method> <!-- TestLogin -->
        <test-method is-config="true" signature="afterMethod(org.testng.ITestResult)[pri:0, instance:com.test.automation.uiAutomation.homepage.TC003_VerifyLoginWithDifferentRecords@2bec854f]" started-at="2018-05-02T16:41:53Z" name="afterMethod" finished-at="2018-05-02T16:41:53Z" duration-ms="0" status="PASS">
          <params>
            <param index="0">
              <value>
                <![CDATA[[TestResult name=TestLogin status=SUCCESS method=TC003_VerifyLoginWithDifferentRecords.TestLogin(java.lang.String, java.lang.String, java.lang.String)[pri:0, instance:com.test.automation.uiAutomation.homepage.TC003_VerifyLoginWithDifferentRecords@2bec854f] output=Found element By: By.xpath: //a[@class='login'][@title='Log in to your customer account']]]]>
              </value>
            </param>
          </params>
          <reporter-output>
          </reporter-output>
        </test-method> <!-- afterMethod -->
        <test-method is-config="true" signature="beforeMethod(java.lang.reflect.Method)[pri:0, instance:com.test.automation.uiAutomation.homepage.TC003_VerifyLoginWithDifferentRecords@2bec854f]" started-at="2018-05-02T16:41:53Z" name="beforeMethod" finished-at="2018-05-02T16:41:53Z" duration-ms="1" status="PASS">
          <params>
            <param index="0">
              <value>
                <![CDATA[public void com.test.automation.uiAutomation.homepage.TC003_VerifyLoginWithDifferentRecords.TestLogin(java.lang.String,java.lang.String,java.lang.String)]]>
              </value>
            </param>
          </params>
          <reporter-output>
          </reporter-output>
        </test-method> <!-- beforeMethod -->
        <test-method signature="TestLogin(java.lang.String, java.lang.String, java.lang.String)[pri:0, instance:com.test.automation.uiAutomation.homepage.TC003_VerifyLoginWithDifferentRecords@2bec854f]" started-at="2018-05-02T16:41:53Z" name="TestLogin" data-provider="LoginData" finished-at="2018-05-02T16:43:01Z" duration-ms="68522" status="PASS">
          <params>
            <param index="0">
              <value>
                <![CDATA[testautomation6@gmail.com]]>
              </value>
            </param>
            <param index="1">
              <value>
                <![CDATA[password@123]]>
              </value>
            </param>
            <param index="2">
              <value>
                <![CDATA[y]]>
              </value>
            </param>
          </params>
          <reporter-output>
            <line>
              <![CDATA[Found element By: By.xpath: //a[@class='login'][@title='Log in to your customer account']]]>
            </line>
            <line>
              <![CDATA[Trying to click on: [[ChromeDriver: chrome on XP (0e3da74d8119515dd71cc5d32ec8d894)] -> xpath: //a[@class='login'][@title='Log in to your customer account']]]]>
            </line>
            <line>
              <![CDATA[Clicked on: [[ChromeDriver: chrome on XP (0e3da74d8119515dd71cc5d32ec8d894)] -> xpath: //a[@class='login'][@title='Log in to your customer account']]]]>
            </line>
            <line>
              <![CDATA[Found element By: By.xpath: //a[@class='login'][@title='Log in to your customer account']]]>
            </line>
            <line>
              <![CDATA[Clicked on SignIn and object is [[ChromeDriver: chrome on XP (0e3da74d8119515dd71cc5d32ec8d894)] -> xpath: //a[@class='login'][@title='Log in to your customer account']]]]>
            </line>
            <line>
              <![CDATA[Found element By: By.xpath: //input[@id='email']]]>
            </line>
            <line>
              <![CDATA[Element value changed to: [[ChromeDriver: chrome on XP (0e3da74d8119515dd71cc5d32ec8d894)] -> xpath: //input[@id='email']]]]>
            </line>
            <line>
              <![CDATA[Found element By: By.xpath: //input[@id='email']]]>
            </line>
            <line>
              <![CDATA[Entered email address: testautomation6@gmail.com and object is [[ChromeDriver: chrome on XP (0e3da74d8119515dd71cc5d32ec8d894)] -> xpath: //input[@id='email']]]]>
            </line>
            <line>
              <![CDATA[Found element By: By.xpath: //input[@id='passwd']]]>
            </line>
            <line>
              <![CDATA[Element value changed to: [[ChromeDriver: chrome on XP (0e3da74d8119515dd71cc5d32ec8d894)] -> xpath: //input[@id='passwd']]]]>
            </line>
            <line>
              <![CDATA[Found element By: By.xpath: //input[@id='passwd']]]>
            </line>
            <line>
              <![CDATA[Entered password: password@123 and object is [[ChromeDriver: chrome on XP (0e3da74d8119515dd71cc5d32ec8d894)] -> xpath: //input[@id='passwd']]]]>
            </line>
            <line>
              <![CDATA[Found element By: By.xpath: //button[@id='SubmitLogin']]]>
            </line>
            <line>
              <![CDATA[Trying to click on: [[ChromeDriver: chrome on XP (0e3da74d8119515dd71cc5d32ec8d894)] -> xpath: //button[@id='SubmitLogin']]]]>
            </line>
            <line>
              <![CDATA[Clicked on: [[ChromeDriver: chrome on XP (0e3da74d8119515dd71cc5d32ec8d894)] -> xpath: //button[@id='SubmitLogin']]]]>
            </line>
            <line>
              <![CDATA[Exception occured: org.openqa.selenium.NoSuchElementException: no such element: Unable to locate element: {"method":"xpath","selector":"//button[@id='SubmitLogin']"}
  (Session info: chrome=65.0.3325.181)
  (Driver info: chromedriver=2.35.528161 (5b82f2d2aae0ca24b877009200ced9065a772e73),platform=Windows NT 10.0.16299 x86_64) (WARNING: The server did not provide any stacktrace information)
Command duration or timeout: 0 milliseconds
For documentation on this error, please visit: http://seleniumhq.org/exceptions/no_such_element.html
Build info: version: '3.8.1', revision: '6e95a6684b', time: '2017-12-01T18:33:54.468Z'
System info: host: 'HIMANI', ip: '192.168.1.7', os.name: 'Windows 10', os.arch: 'amd64', os.version: '10.0', java.version: '9.0.4'
Driver info: org.openqa.selenium.chrome.ChromeDriver
Capabilities {acceptInsecureCerts: false, acceptSslCerts: false, applicationCacheEnabled: false, browserConnectionEnabled: false, browserName: chrome, chrome: {chromedriverVersion: 2.35.528161 (5b82f2d2aae0ca..., userDataDir: C:\Users\Himani\AppData\Loc...}, cssSelectorsEnabled: true, databaseEnabled: false, handlesAlerts: true, hasTouchScreen: false, javascriptEnabled: true, locationContextEnabled: true, mobileEmulationEnabled: false, nativeEvents: true, networkConnectionEnabled: false, pageLoadStrategy: normal, platform: XP, platformName: XP, rotatable: false, setWindowRect: true, takesHeapSnapshot: true, takesScreenshot: true, unexpectedAlertBehaviour: , unhandledPromptBehavior: , version: 65.0.3325.181, webStorageEnabled: true}
Session ID: 0e3da74d8119515dd71cc5d32ec8d894
*** Element info: {Using=xpath, value=//button[@id='SubmitLogin']}]]>
            </line>
            <line>
              <![CDATA[Exception occured: ]]>
            </line>
            <line>
              <![CDATA[Clicked on submit button and object is Proxy element for: DefaultElementLocator 'By.xpath: //button[@id='SubmitLogin']']]>
            </line>
            <line>
              <![CDATA[Found element By: By.xpath: //div[@id='center_column']/h1]]>
            </line>
            <line>
              <![CDATA[User has successfully logged into his/her account]]>
            </line>
            <line>
              <![CDATA[<a href='C:\Automation\Jan18\FirstMavenProject\uiAutomation\src\main\java\com\test\automation\uiAutomation\screenshot\testLogin_testautomation6@gmail.com_02_05_2018_04_42_27.png'><img src='C:\Automation\Jan18\FirstMavenProject\uiAutomation\src\main\java\com\test\automation\uiAutomation\screenshot\testLogin_testautomation6@gmail.com_02_05_2018_04_42_27.png' height='100' width='100'/> </a>]]>
            </line>
            <line>
              <![CDATA[Found element By: By.xpath: //a[@class='logout']]]>
            </line>
            <line>
              <![CDATA[Trying to click on: [[ChromeDriver: chrome on XP (0e3da74d8119515dd71cc5d32ec8d894)] -> xpath: //a[@class='logout']]]]>
            </line>
            <line>
              <![CDATA[Clicked on: [[ChromeDriver: chrome on XP (0e3da74d8119515dd71cc5d32ec8d894)] -> xpath: //a[@class='logout']]]]>
            </line>
            <line>
              <![CDATA[Exception occured: org.openqa.selenium.NoSuchElementException: no such element: Unable to locate element: {"method":"xpath","selector":"//a[@class='logout']"}
  (Session info: chrome=65.0.3325.181)
  (Driver info: chromedriver=2.35.528161 (5b82f2d2aae0ca24b877009200ced9065a772e73),platform=Windows NT 10.0.16299 x86_64) (WARNING: The server did not provide any stacktrace information)
Command duration or timeout: 0 milliseconds
For documentation on this error, please visit: http://seleniumhq.org/exceptions/no_such_element.html
Build info: version: '3.8.1', revision: '6e95a6684b', time: '2017-12-01T18:33:54.468Z'
System info: host: 'HIMANI', ip: '192.168.1.7', os.name: 'Windows 10', os.arch: 'amd64', os.version: '10.0', java.version: '9.0.4'
Driver info: org.openqa.selenium.chrome.ChromeDriver
Capabilities {acceptInsecureCerts: false, acceptSslCerts: false, applicationCacheEnabled: false, browserConnectionEnabled: false, browserName: chrome, chrome: {chromedriverVersion: 2.35.528161 (5b82f2d2aae0ca..., userDataDir: C:\Users\Himani\AppData\Loc...}, cssSelectorsEnabled: true, databaseEnabled: false, handlesAlerts: true, hasTouchScreen: false, javascriptEnabled: true, locationContextEnabled: true, mobileEmulationEnabled: false, nativeEvents: true, networkConnectionEnabled: false, pageLoadStrategy: normal, platform: XP, platformName: XP, rotatable: false, setWindowRect: true, takesHeapSnapshot: true, takesScreenshot: true, unexpectedAlertBehaviour: , unhandledPromptBehavior: , version: 65.0.3325.181, webStorageEnabled: true}
Session ID: 0e3da74d8119515dd71cc5d32ec8d894
*** Element info: {Using=xpath, value=//a[@class='logout']}]]>
            </line>
            <line>
              <![CDATA[Exception occured: ]]>
            </line>
            <line>
              <![CDATA[Clicked on SignOut button and object is Proxy element for: DefaultElementLocator 'By.xpath: //a[@class='logout']']]>
            </line>
          </reporter-output>
        </test-method> <!-- TestLogin -->
        <test-method is-config="true" signature="afterMethod(org.testng.ITestResult)[pri:0, instance:com.test.automation.uiAutomation.homepage.TC003_VerifyLoginWithDifferentRecords@2bec854f]" started-at="2018-05-02T16:43:01Z" name="afterMethod" finished-at="2018-05-02T16:43:01Z" duration-ms="0" status="PASS">
          <params>
            <param index="0">
              <value>
                <![CDATA[[TestResult name=TestLogin status=SUCCESS method=TC003_VerifyLoginWithDifferentRecords.TestLogin(java.lang.String, java.lang.String, java.lang.String)[pri:0, instance:com.test.automation.uiAutomation.homepage.TC003_VerifyLoginWithDifferentRecords@2bec854f] output=Found element By: By.xpath: //a[@class='login'][@title='Log in to your customer account']]]]>
              </value>
            </param>
          </params>
          <reporter-output>
          </reporter-output>
        </test-method> <!-- afterMethod -->
        <test-method is-config="true" signature="beforeMethod(java.lang.reflect.Method)[pri:0, instance:com.test.automation.uiAutomation.homepage.TC003_VerifyLoginWithDifferentRecords@2bec854f]" started-at="2018-05-02T16:43:01Z" name="beforeMethod" finished-at="2018-05-02T16:43:01Z" duration-ms="1" status="PASS">
          <params>
            <param index="0">
              <value>
                <![CDATA[public void com.test.automation.uiAutomation.homepage.TC003_VerifyLoginWithDifferentRecords.TestLogin(java.lang.String,java.lang.String,java.lang.String)]]>
              </value>
            </param>
          </params>
          <reporter-output>
          </reporter-output>
        </test-method> <!-- beforeMethod -->
        <test-method signature="TestLogin(java.lang.String, java.lang.String, java.lang.String)[pri:0, instance:com.test.automation.uiAutomation.homepage.TC003_VerifyLoginWithDifferentRecords@2bec854f]" started-at="2018-05-02T16:43:01Z" name="TestLogin" data-provider="LoginData" finished-at="2018-05-02T16:43:01Z" duration-ms="1" status="SKIP">
          <params>
            <param index="0">
              <value>
                <![CDATA[testautomation7@gmail.com]]>
              </value>
            </param>
            <param index="1">
              <value>
                <![CDATA[password@123]]>
              </value>
            </param>
            <param index="2">
              <value>
                <![CDATA[n]]>
              </value>
            </param>
          </params>
          <exception class="org.testng.SkipException">
            <message>
[...]
            <line>
              <![CDATA[Navigating to http://automationpractice.com/index.php]]>
            </line>
            <line>
              <![CDATA[Navigate to: 'http://automationpractice.com/index.php']]>
            </line>
          </reporter-output>
        </test-method> <!-- setup -->
        <test-method is-config="true" signature="setup()[pri:0, instance:com.test.automation.uiAutomation.homepage.TC002_VerifyRegistration@15a04efb]" started-at="2018-05-02T16:37:17Z" name="setup" finished-at="2018-05-02T16:37:32Z" duration-ms="14861" status="PASS">
          <reporter-output>
            <line>
              <![CDATA[Creating object of chrome]]>
            </line>
            <line>
              <![CDATA[Navigating to http://automationpractice.com/index.php]]>
            </line>
            <line>
              <![CDATA[Navigate to: 'http://automationpractice.com/index.php']]>
            </line>
          </reporter-output>
        </test-method> <!-- setup -->
        <test-method is-config="true" signature="beforeMethod(java.lang.reflect.Method)[pri:0, instance:com.test.automation.uiAutomation.homepage.TC001_VerifyLoginWithInvalidCredentials@16c069df]" started-at="2018-05-02T16:43:02Z" name="beforeMethod" finished-at="2018-05-02T16:43:02Z" duration-ms="1" status="PASS">
          <params>
            <param index="0">
              <value>
                <![CDATA[public void com.test.automation.uiAutomation.homepage.TC001_VerifyLoginWithInvalidCredentials.VerifyLoginWithInvalidCredentials()]]>
              </value>
            </param>
          </params>
          <reporter-output>
          </reporter-output>
        </test-method> <!-- beforeMethod -->
        <test-method signature="VerifyLoginWithInvalidCredentials()[pri:0, instance:com.test.automation.uiAutomation.homepage.TC001_VerifyLoginWithInvalidCredentials@16c069df]" started-at="2018-05-02T16:43:02Z" name="VerifyLoginWithInvalidCredentials" finished-at="2018-05-02T16:43:07Z" duration-ms="4555" status="PASS">
          <reporter-output>
            <line>
              <![CDATA[Found element By: By.xpath: //a[@class='login'][@title='Log in to your customer account']]]>
            </line>
            <line>
              <![CDATA[Trying to click on: [[ChromeDriver: chrome on XP (7e898cdd49b68bb4a444a3e9618fd03f)] -> xpath: //a[@class='login'][@title='Log in to your customer account']]]]>
            </line>
            <line>
              <![CDATA[Clicked on: [[ChromeDriver: chrome on XP (7e898cdd49b68bb4a444a3e9618fd03f)] -> xpath: //a[@class='login'][@title='Log in to your customer account']]]]>
            </line>
            <line>
              <![CDATA[Found element By: By.xpath: //a[@class='login'][@title='Log in to your customer account']]]>
            </line>
            <line>
              <![CDATA[Clicked on SignIn and object is [[ChromeDriver: chrome on XP (7e898cdd49b68bb4a444a3e9618fd03f)] -> xpath: //a[@class='login'][@title='Log in to your customer account']]]]>
            </line>
            <line>
              <![CDATA[Found element By: By.xpath: //input[@id='email']]]>
            </line>
            <line>
              <![CDATA[Element value changed to: [[ChromeDriver: chrome on XP (7e898cdd49b68bb4a444a3e9618fd03f)] -> xpath: //input[@id='email']]]]>
            </line>
            <line>
              <![CDATA[Found element By: By.xpath: //input[@id='email']]]>
            </line>
            <line>
              <![CDATA[Entered email address: test@gmail.com and object is [[ChromeDriver: chrome on XP (7e898cdd49b68bb4a444a3e9618fd03f)] -> xpath: //input[@id='email']]]]>
            </line>
            <line>
              <![CDATA[Found element By: By.xpath: //input[@id='passwd']]]>
            </line>
            <line>
              <![CDATA[Element value changed to: [[ChromeDriver: chrome on XP (7e898cdd49b68bb4a444a3e9618fd03f)] -> xpath: //input[@id='passwd']]]]>
            </line>
            <line>
              <![CDATA[Found element By: By.xpath: //input[@id='passwd']]]>
            </line>
            <line>
              <![CDATA[Entered password: password and object is [[ChromeDriver: chrome on XP (7e898cdd49b68bb4a444a3e9618fd03f)] -> xpath: //input[@id='passwd']]]]>
            </line>
            <line>
              <![CDATA[Found element By: By.xpath: //button[@id='SubmitLogin']]]>
            </line>
            <line>
              <![CDATA[Trying to click on: [[ChromeDriver: chrome on XP (7e898cdd49b68bb4a444a3e9618fd03f)] -> xpath: //button[@id='SubmitLogin']]]]>
            </line>
            <line>
              <![CDATA[Clicked on: [[ChromeDriver: chrome on XP (7e898cdd49b68bb4a444a3e9618fd03f)] -> xpath: //button[@id='SubmitLogin']]]]>
            </line>
            <line>
              <![CDATA[Found element By: By.xpath: //button[@id='SubmitLogin']]]>
            </line>
            <line>
              <![CDATA[Clicked on submit button and object is [[ChromeDriver: chrome on XP (7e898cdd49b68bb4a444a3e9618fd03f)] -> xpath: //button[@id='SubmitLogin']]]]>
            </line>
            <line>
              <![CDATA[Found element By: By.xpath: //div[@class='alert alert-danger']/ol/li]]>
            </line>
            <line>
              <![CDATA[Error message is Authentication failed.]]>
            </line>
            <line>
              <![CDATA[Found element By: By.xpath: //div[@class='alert alert-danger']/ol/li]]>
            </line>
          </reporter-output>
        </test-method> <!-- VerifyLoginWithInvalidCredentials -->
        <test-method is-config="true" signature="endTest()[pri:0, instance:com.test.automation.uiAutomation.homepage.TC001_VerifyLoginWithInvalidCredentials@16c069df]" started-at="2018-05-02T16:43:07Z" name="endTest" finished-at="2018-05-02T16:43:07Z" duration-ms="717" status="PASS">
          <reporter-output>
            <line>
              <![CDATA[browser closed]]>
            </line>
          </reporter-output>
        </test-method> <!-- endTest -->
        <test-method is-config="true" signature="afterMethod(org.testng.ITestResult)[pri:0, instance:com.test.automation.uiAutomation.homepage.TC001_VerifyLoginWithInvalidCredentials@16c069df]" started-at="2018-05-02T16:43:07Z" name="afterMethod" finished-at="2018-05-02T16:43:07Z" duration-ms="0" status="PASS">
          <params>
            <param index="0">
              <value>
                <![CDATA[[TestResult name=VerifyLoginWithInvalidCredentials status=SUCCESS method=TC001_VerifyLoginWithInvalidCredentials.VerifyLoginWithInvalidCredentials()[pri:0, instance:com.test.automation.uiAutomation.homepage.TC001_VerifyLoginWithInvalidCredentials@16c069df] output=Found element By: By.xpath: //a[@class='login'][@title='Log in to your customer account']]]]>
              </value>
            </param>
          </params>
          <reporter-output>
          </reporter-output>
        </test-method> <!-- afterMethod -->
      </class> <!-- com.test.automation.uiAutomation.homepage.TC001_VerifyLoginWithInvalidCredentials -->
    </test> <!-- HomePageTest -->
    <test started-at="2018-05-02T11:13:27Z" name="AddToCartTest" finished-at="2018-05-02T11:14:16Z" duration-ms="48864">
      <class name="com.test.automation.uiAutomation.addToCart.TC002_VerifyTweetLink">
        <test-method is-config="true" signature="setup()[pri:0, instance:com.test.automation.uiAutomation.addToCart.TC002_VerifyTweetLink@352ff4da]" started-at="2018-05-02T16:43:54Z" name="setup" finished-at="2018-05-02T16:44:06Z" duration-ms="12282" status="PASS">
          <reporter-output>
            <line>
              <![CDATA[Creating object of chrome]]>
            </line>
            <line>
              <![CDATA[Navigating to http://automationpractice.com/index.php]]>
            </line>
            <line>
              <![CDATA[Navigate to: 'http://automationpractice.com/index.php']]>
            </line>
          </reporter-output>
        </test-method> <!-- setup -->
        <test-method signature="VerifyTweetLink()[pri:0, instance:com.test.automation.uiAutomation.addToCart.TC002_VerifyTweetLink@352ff4da]" started-at="2018-05-02T16:44:06Z" name="VerifyTweetLink" finished-at="2018-05-02T16:44:15Z" duration-ms="9348" status="PASS">
          <reporter-output>
            <line>
              <![CDATA[Found element By: By.cssSelector: ul[class^='sf-menu']>li>a[title='Dresses']]]>
            </line>
            <line>
              <![CDATA[Exception occured: org.openqa.selenium.UnsupportedCommandException: actions
Build info: version: '3.8.1', revision: '6e95a6684b', time: '2017-12-01T18:33:54.468Z'
System info: host: 'HIMANI', ip: '192.168.1.7', os.name: 'Windows 10', os.arch: 'amd64', os.version: '10.0', java.version: '9.0.4'
Driver info: driver.version: EventFiringWebDriver]]>
            </line>
            <line>
              <![CDATA[Exception occured: ]]>
            </line>
            <line>
              <![CDATA[Mouse hover over option: Dresses]]>
            </line>
            <line>
              <![CDATA[Found element By: By.cssSelector: ul[class^='sf-menu']>li>a[title='Dresses']+ul>li>a[title='Casual Dresses']]]>
            </line>
            <line>
              <![CDATA[Exception occured: org.openqa.selenium.UnsupportedCommandException: actions
Build info: version: '3.8.1', revision: '6e95a6684b', time: '2017-12-01T18:33:54.468Z'
System info: host: 'HIMANI', ip: '192.168.1.7', os.name: 'Windows 10', os.arch: 'amd64', os.version: '10.0', java.version: '9.0.4'
Driver info: driver.version: EventFiringWebDriver]]>
            </line>
            <line>
              <![CDATA[Exception occured: ]]>
            </line>
            <line>
              <![CDATA[Clicked on apparel option: Casual Dresses in Dresses section]]>
            </line>
            <line>
              <![CDATA[Found element By: By.xpath: //div[@class='product-container']//a[contains(text(),'Printed Dress')]]]>
            </line>
            <line>
              <![CDATA[Trying to click on: [[ChromeDriver: chrome on XP (e5fda1bcbddff0955c26a9c579d3b5d6)] -> xpath: //div[@class='product-container']//a[contains(text(),'Printed Dress')]]]]>
            </line>
            <line>
              <![CDATA[Clicked on: [[ChromeDriver: chrome on XP (e5fda1bcbddff0955c26a9c579d3b5d6)] -> xpath: //div[@class='product-container']//a[contains(text(),'Printed Dress')]]]]>
            </line>
            <line>
              <![CDATA[Printed Dress has been selected]]>
            </line>
            <line>
              <![CDATA[Found element By: By.cssSelector: button[class='btn btn-default btn-twitter']]]>
            </line>
            <line>
              <![CDATA[Trying to click on: [[ChromeDriver: chrome on XP (e5fda1bcbddff0955c26a9c579d3b5d6)] -> css selector: button[class='btn btn-default btn-twitter']]]]>
            </line>
            <line>
              <![CDATA[Clicked on: [[ChromeDriver: chrome on XP (e5fda1bcbddff0955c26a9c579d3b5d6)] -> css selector: button[class='btn btn-default btn-twitter']]]]>
            </line>
            <line>
              <![CDATA[Found element By: By.cssSelector: button[class='btn btn-default btn-twitter']]]>
            </line>
            <line>
              <![CDATA[Clicked on tweet button and object is Tweet]]>
            </line>
            <line>
              <![CDATA[Found element By: By.cssSelector: h2[class='action-information']]]>
            </line>
          </reporter-output>
        </test-method> <!-- VerifyTweetLink -->
        <test-method is-config="true" signature="beforeMethod(java.lang.reflect.Method)[pri:0, instance:com.test.automation.uiAutomation.addToCart.TC002_VerifyTweetLink@352ff4da]" started-at="2018-05-02T16:44:06Z" name="beforeMethod" finished-at="2018-05-02T16:44:06Z" duration-ms="0" status="PASS">
          <params>
            <param index="0">
              <value>
                <![CDATA[public void com.test.automation.uiAutomation.addToCart.TC002_VerifyTweetLink.VerifyTweetLink() throws java.lang.InterruptedException]]>
              </value>
            </param>
          </params>
          <reporter-output>
          </reporter-output>
        </test-method> <!-- beforeMethod -->
        <test-method is-config="true" signature="afterMethod(org.testng.ITestResult)[pri:0, instance:com.test.automation.uiAutomation.addToCart.TC002_VerifyTweetLink@352ff4da]" started-at="2018-05-02T16:44:15Z" name="afterMethod" finished-at="2018-05-02T16:44:15Z" duration-ms="0" status="PASS">
          <params>
            <param index="0">
              <value>
                <![CDATA[[TestResult name=VerifyTweetLink status=SUCCESS method=TC002_VerifyTweetLink.VerifyTweetLink()[pri:0, instance:com.test.automation.uiAutomation.addToCart.TC002_VerifyTweetLink@352ff4da] output=Found element By: By.cssSelector: ul[class^='sf-menu']>li>a[title='Dresses']]]]>
              </value>
            </param>
          </params>
          <reporter-output>
          </reporter-output>
        </test-method> <!-- afterMethod -->
        <test-method is-config="true" signature="endTest()[pri:0, instance:com.test.automation.uiAutomation.addToCart.TC002_VerifyTweetLink@352ff4da]" started-at="2018-05-02T16:44:15Z" name="endTest" finished-at="2018-05-02T16:44:16Z" duration-ms="753" status="PASS">
          <reporter-output>
            <line>
              <![CDATA[browser closed]]>
            </line>
          </reporter-output>
        </test-method> <!-- endTest -->
      </class> <!-- com.test.automation.uiAutomation.addToCart.TC002_VerifyTweetLink -->
      <class name="com.test.automation.uiAutomation.addToCart.TC001_VerifyAddToCart">
        <test-method is-config="true" signature="setup()[pri:0, instance:com.test.automation.uiAutomation.addToCart.TC001_VerifyAddToCart@4e928fbf]" started-at="2018-05-02T16:43:27Z" name="setup" finished-at="2018-05-02T16:43:49Z" duration-ms="22214" status="PASS">
          <reporter-output>
            <line>
              <![CDATA[Creating object of chrome]]>
            </line>
            <line>
              <![CDATA[Navigating to http://automationpractice.com/index.php]]>
            </line>
            <line>
              <![CDATA[Navigate to: 'http://automationpractice.com/index.php']]>
            </line>
          </reporter-output>
        </test-method> <!-- setup -->
        <test-method signature="VerifyAddToCart()[pri:0, instance:com.test.automation.uiAutomation.addToCart.TC001_VerifyAddToCart@4e928fbf]" started-at="2018-05-02T16:43:49Z" name="VerifyAddToCart" finished-at="2018-05-02T16:43:53Z" duration-ms="3480" status="PASS">
          <reporter-output>
            <line>
              <![CDATA[Found element By: By.cssSelector: ul[class^='sf-menu']>li>a[title='Dresses']]]>
            </line>
            <line>
              <![CDATA[Exception occured: org.openqa.selenium.UnsupportedCommandException: actions
Build info: version: '3.8.1', revision: '6e95a6684b', time: '2017-12-01T18:33:54.468Z'
System info: host: 'HIMANI', ip: '192.168.1.7', os.name: 'Windows 10', os.arch: 'amd64', os.version: '10.0', java.version: '9.0.4'
Driver info: driver.version: EventFiringWebDriver]]>
            </line>
            <line>
              <![CDATA[Exception occured: ]]>
            </line>
            <line>
              <![CDATA[Mouse hover over option: Dresses]]>
            </line>
            <line>
              <![CDATA[Found element By: By.cssSelector: ul[class^='sf-menu']>li>a[title='Dresses']+ul>li>a[title='Casual Dresses']]]>
            </line>
            <line>
              <![CDATA[Exception occured: org.openqa.selenium.UnsupportedCommandException: actions
Build info: version: '3.8.1', revision: '6e95a6684b', time: '2017-12-01T18:33:54.468Z'
System info: host: 'HIMANI', ip: '192.168.1.7', os.name: 'Windows 10', os.arch: 'amd64', os.version: '10.0', java.version: '9.0.4'
Driver info: driver.version: EventFiringWebDriver]]>
            </line>
            <line>
              <![CDATA[Exception occured: ]]>
            </line>
            <line>
              <![CDATA[Clicked on apparel option: Casual Dresses in Dresses section]]>
            </line>
            <line>
              <![CDATA[Found element By: By.xpath: //div[@class='product-container']//a[contains(text(),'Printed Dress')]]]>
            </line>
            <line>
              <![CDATA[Trying to click on: [[ChromeDriver: chrome on XP (0ec6539518ed34ef98a38cec2a7c0762)] -> xpath: //div[@class='product-container']//a[contains(text(),'Printed Dress')]]]]>
            </line>
            <line>
              <![CDATA[Clicked on: [[ChromeDriver: chrome on XP (0ec6539518ed34ef98a38cec2a7c0762)] -> xpath: //div[@class='product-container']//a[contains(text(),'Printed Dress')]]]]>
            </line>
            <line>
              <![CDATA[Printed Dress has been selected]]>
            </line>
            <line>
              <![CDATA[Found element By: By.xpath: //p[@id='add_to_cart']/button[@name='Submit']]]>
            </line>
            <line>
              <![CDATA[Trying to click on: [[ChromeDriver: chrome on XP (0ec6539518ed34ef98a38cec2a7c0762)] -> xpath: //p[@id='add_to_cart']/button[@name='Submit']]]]>
            </line>
            <line>
              <![CDATA[Clicked on: [[ChromeDriver: chrome on XP (0ec6539518ed34ef98a38cec2a7c0762)] -> xpath: //p[@id='add_to_cart']/button[@name='Submit']]]]>
            </line>
            <line>
              <![CDATA[Found element By: By.xpath: //p[@id='add_to_cart']/button[@name='Submit']]]>
            </line>
            <line>
              <![CDATA[Clicked on add to cart button and object is Add to cart]]>
            </line>
          </reporter-output>
        </test-method> <!-- VerifyAddToCart -->
        <test-method is-config="true" signature="beforeMethod(java.lang.reflect.Method)[pri:0, instance:com.test.automation.uiAutomation.addToCart.TC001_VerifyAddToCart@4e928fbf]" started-at="2018-05-02T16:43:49Z" name="beforeMethod" finished-at="2018-05-02T16:43:49Z" duration-ms="0" status="PASS">
          <params>
            <param index="0">
              <value>
                <![CDATA[public void com.test.automation.uiAutomation.addToCart.TC001_VerifyAddToCart.VerifyAddToCart() throws java.lang.InterruptedException]]>
              </value>
            </param>
          </params>
          <reporter-output>
          </reporter-output>
        </test-method> <!-- beforeMethod -->
        <test-method is-config="true" signature="afterMethod(org.testng.ITestResult)[pri:0, instance:com.test.automation.uiAutomation.addToCart.TC001_VerifyAddToCart@4e928fbf]" started-at="2018-05-02T16:43:53Z" name="afterMethod" finished-at="2018-05-02T16:43:53Z" duration-ms="1" status="PASS">
          <params>
            <param index="0">
              <value>
                <![CDATA[[TestResult name=VerifyAddToCart status=SUCCESS method=TC001_VerifyAddToCart.VerifyAddToCart()[pri:0, instance:com.test.automation.uiAutomation.addToCart.TC001_VerifyAddToCart@4e928fbf] output=Found element By: By.cssSelector: ul[class^='sf-menu']>li>a[title='Dresses']]]]>
              </value>
            </param>
          </params>
          <reporter-output>
          </reporter-output>
        </test-method> <!-- afterMethod -->
        <test-method is-config="true" signature="endTest()[pri:0, instance:com.test.automation.uiAutomation.addToCart.TC001_VerifyAddToCart@4e928fbf]" started-at="2018-05-02T16:43:53Z" name="endTest" finished-at="2018-05-02T16:43:54Z" duration-ms="781" status="PASS">
          <reporter-output>
            <line>
              <![CDATA[browser closed]]>
            </line>
          </reporter-output>
        </test-method> <!-- endTest -->
      </class> <!-- com.test.automation.uiAutomation.addToCart.TC001_VerifyAddToCart -->
    </test> <!-- AddToCartTest -->
  </suite> <!-- Regression Suite -->
</testng-results>
