<?xml version="1.0" encoding="UTF-8"?>
<testng-results ignored="0" total="1" passed="1" failed="0" skipped="0">
  <reporter-output>
    <line>
      <![CDATA[<a href='C:\Automation\Jan18\FirstMavenProject\uiAutomation\src\main\java\com\test\automation\uiAutomation\screenshot\TC004_VerifyNavigationToApparelPage_ClickOnWomen_18_04_2018_05_10_53.png'><img src='C:\Automation\Jan18\FirstMavenProject\uiAutomation\src\main\java\com\test\automation\uiAutomation\screenshot\TC004_VerifyNavigationToApparelPage_ClickOnWomen_18_04_2018_05_10_53.png' height='100' width='100'/> </a>]]>
    </line>
    <line>
      <![CDATA[<a href='C:\Automation\Jan18\FirstMavenProject\uiAutomation\src\main\java\com\test\automation\uiAutomation\screenshot\TC004_VerifyNavigationToApparelPage_ClickOnApparelOption_18_04_2018_05_10_57.png'><img src='C:\Automation\Jan18\FirstMavenProject\uiAutomation\src\main\java\com\test\automation\uiAutomation\screenshot\TC004_VerifyNavigationToApparelPage_ClickOnApparelOption_18_04_2018_05_10_57.png' height='100' width='100'/> </a>]]>
    </line>
  </reporter-output>
  <suite started-at="2018-04-18T11:40:37Z" name="Default suite" finished-at="2018-04-18T11:40:58Z" duration-ms="20343">
    <groups>
    </groups>
    <test started-at="2018-04-18T11:40:37Z" name="Default test" finished-at="2018-04-18T11:40:58Z" duration-ms="20343">
      <class name="com.test.automation.uiAutomation.homepage.TC004_VerifyNavigationToApparelPage">
        <test-method is-config="true" signature="setup()[pri:0, instance:com.test.automation.uiAutomation.homepage.TC004_VerifyNavigationToApparelPage@503d687a]" started-at="2018-04-18T17:10:37Z" name="setup" finished-at="2018-04-18T17:10:52Z" duration-ms="14990" status="PASS">
          <reporter-output>
          </reporter-output>
        </test-method> <!-- setup -->
        <test-method signature="VerifyNavigationToApparelPage()[pri:0, instance:com.test.automation.uiAutomation.homepage.TC004_VerifyNavigationToApparelPage@503d687a]" started-at="2018-04-18T17:10:52Z" name="VerifyNavigationToApparelPage" finished-at="2018-04-18T17:10:58Z" duration-ms="5154" status="PASS">
          <reporter-output>
            <line>
              <![CDATA[<a href='C:\Automation\Jan18\FirstMavenProject\uiAutomation\src\main\java\com\test\automation\uiAutomation\screenshot\TC004_VerifyNavigationToApparelPage_ClickOnWomen_18_04_2018_05_10_53.png'><img src='C:\Automation\Jan18\FirstMavenProject\uiAutomation\src\main\java\com\test\automation\uiAutomation\screenshot\TC004_VerifyNavigationToApparelPage_ClickOnWomen_18_04_2018_05_10_53.png' height='100' width='100'/> </a>]]>
            </line>
            <line>
              <![CDATA[<a href='C:\Automation\Jan18\FirstMavenProject\uiAutomation\src\main\java\com\test\automation\uiAutomation\screenshot\TC004_VerifyNavigationToApparelPage_ClickOnApparelOption_18_04_2018_05_10_57.png'><img src='C:\Automation\Jan18\FirstMavenProject\uiAutomation\src\main\java\com\test\automation\uiAutomation\screenshot\TC004_VerifyNavigationToApparelPage_ClickOnApparelOption_18_04_2018_05_10_57.png' height='100' width='100'/> </a>]]>
            </line>
          </reporter-output>
        </test-method> <!-- VerifyNavigationToApparelPage -->
        <test-method is-config="true" signature="endTest()[pri:0, instance:com.test.automation.uiAutomation.homepage.TC004_VerifyNavigationToApparelPage@503d687a]" started-at="2018-04-18T17:10:58Z" name="endTest" finished-at="2018-04-18T17:10:58Z" duration-ms="173" status="PASS">
          <reporter-output>
          </reporter-output>
        </test-method> <!-- endTest -->
      </class> <!-- com.test.automation.uiAutomation.homepage.TC004_VerifyNavigationToApparelPage -->
    </test> <!-- Default test -->
  </suite> <!-- Default suite -->
</testng-results>
