<?xml version="1.0" encoding="UTF-8"?>
<!-- Generated by org.testng.reporters.JUnitXMLReporter -->
<testsuite ignored="0" hostname="HIMANI" failures="0" tests="5" name="Default test" time="236.754" errors="0" timestamp="10 Apr 2018 05:30:37 GMT">
  <testcase classname="com.test.automation.uiAutomation.homepage.TC003_VerifyLoginWithDifferentRecords" name="TestLogin" time="70.998"/>
  <testcase classname="com.test.automation.uiAutomation.homepage.TC003_VerifyLoginWithDifferentRecords" name="TestLogin" time="72.851"/>
  <testcase classname="com.test.automation.uiAutomation.homepage.TC003_VerifyLoginWithDifferentRecords" name="TestLogin" time="69.411"/>
  <testcase classname="com.test.automation.uiAutomation.homepage.TC003_VerifyLoginWithDifferentRecords" name="TestLogin" time="0.0">
    <skipped/>
  </testcase> <!-- TestLogin -->
  <testcase classname="com.test.automation.uiAutomation.homepage.TC003_VerifyLoginWithDifferentRecords" name="TestLogin" time="0.0">
    <skipped/>
  </testcase> <!-- TestLogin -->
</testsuite> <!-- Default test -->
