<?xml version="1.0" encoding="UTF-8"?>
<!-- Generated by org.testng.reporters.JUnitXMLReporter -->
<testsuite ignored="6" hostname="HIMANI" failures="0" tests="6" name="Test" time="0.068" errors="0" timestamp="06 Feb 2019 17:12:11 GMT">
  <testcase classname="samplePackage.sampleProject2.toVerifyTestNgAnnotations2" name="toVerifyTestNgAnnotations2TestCase3" time="0.005"/>
  <testcase classname="samplePackage.sampleProject.toVerifyTestNgMoreAnnotations" name="testCase1" time="0.002"/>
  <testcase classname="samplePackage.sampleProject2.toVerifyTestNgMoreAnnotations2" name="toVerifyTestNgAnnotations2TestCase3" time="0.002"/>
  <testcase classname="samplePackage.sampleProject.toVerifyTestNgAnnotations" name="testCase1" time="0.003"/>
  <testcase classname="samplePackage.sampleProject.toVerifyTestNgAnnotations" name="testCase2" time="0.005"/>
  <testcase classname="samplePackage.sampleProject.toVerifyTestNgAnnotations" name="testCase3" time="0.002"/>
  <testcase classname="samplePackage.sampleProject.toVerifyTestNgMoreAnnotations" name="testCase3" time="0.0">
    <ignored/>
  </testcase> <!-- testCase3 -->
  <testcase classname="samplePackage.sampleProject2.toVerifyTestNgMoreAnnotations2" name="toVerifyTestNgAnnotations2TestCase2" time="0.0">
    <ignored/>
  </testcase> <!-- toVerifyTestNgAnnotations2TestCase2 -->
  <testcase classname="samplePackage.sampleProject2.toVerifyTestNgMoreAnnotations2" name="toVerifyTestNgAnnotations2TestCase1" time="0.0">
    <ignored/>
  </testcase> <!-- toVerifyTestNgAnnotations2TestCase1 -->
  <testcase classname="samplePackage.sampleProject2.toVerifyTestNgAnnotations2" name="toVerifyTestNgAnnotations2TestCase1" time="0.0">
    <ignored/>
  </testcase> <!-- toVerifyTestNgAnnotations2TestCase1 -->
  <testcase classname="samplePackage.sampleProject2.toVerifyTestNgAnnotations2" name="toVerifyTestNgAnnotations2TestCase2" time="0.0">
    <ignored/>
  </testcase> <!-- toVerifyTestNgAnnotations2TestCase2 -->
  <testcase classname="samplePackage.sampleProject.toVerifyTestNgMoreAnnotations" name="testCase2" time="0.0">
    <ignored/>
  </testcase> <!-- testCase2 -->
</testsuite> <!-- Test -->
