<?xml version="1.0" encoding="UTF-8"?>
<!-- Generated by org.testng.reporters.JUnitXMLReporter -->
<testsuite ignored="2" hostname="HIMANI" failures="0" tests="10" name="Test" time="0.074" errors="0" timestamp="27 Apr 2018 13:03:24 GMT">
  <testcase classname="samplePackage.sampleProject2.toVerifyTestNgAnnotations2" name="toVerifyTestNgAnnotations2TestCase1" time="0.007"/>
  <testcase classname="samplePackage.sampleProject2.toVerifyTestNgAnnotations2" name="toVerifyTestNgAnnotations2TestCase2" time="0.003"/>
  <testcase classname="samplePackage.sampleProject2.toVerifyTestNgAnnotations2" name="toVerifyTestNgAnnotations2TestCase3" time="0.002"/>
  <testcase classname="samplePackage.sampleProject.toVerifyTestNgMoreAnnotations" name="testCase1" time="0.002"/>
  <testcase classname="samplePackage.sampleProject.toVerifyTestNgMoreAnnotations" name="testCase2" time="0.002"/>
  <testcase classname="samplePackage.sampleProject2.toVerifyTestNgMoreAnnotations2" name="toVerifyTestNgAnnotations2TestCase1" time="0.002"/>
  <testcase classname="samplePackage.sampleProject2.toVerifyTestNgMoreAnnotations2" name="toVerifyTestNgAnnotations2TestCase3" time="0.002"/>
  <testcase classname="samplePackage.sampleProject.toVerifyTestNgAnnotations" name="testCase1" time="0.001"/>
  <testcase classname="samplePackage.sampleProject.toVerifyTestNgAnnotations" name="testCase3" time="0.002"/>
  <testcase classname="samplePackage.sampleProject.toVerifyTestNgAnnotations" name="testCase2" time="0.001"/>
  <testcase classname="samplePackage.sampleProject.toVerifyTestNgMoreAnnotations" name="testCase3" time="0.0">
    <ignored/>
  </testcase> <!-- testCase3 -->
  <testcase classname="samplePackage.sampleProject2.toVerifyTestNgMoreAnnotations2" name="toVerifyTestNgAnnotations2TestCase2" time="0.0">
    <ignored/>
  </testcase> <!-- toVerifyTestNgAnnotations2TestCase2 -->
</testsuite> <!-- Test -->
