<?xml version="1.0" encoding="UTF-8"?>
<!-- Generated by org.testng.reporters.JUnitXMLReporter -->
<testsuite ignored="0" hostname="HIMANI" failures="0" tests="2" name="AddToCartTest" time="48.326" errors="0" timestamp="25 Apr 2018 04:33:11 GMT">
  <testcase classname="com.test.automation.uiAutomation.addToCart.TC001_VerifyAddToCart" name="VerifyAddToCart" time="4.178"/>
  <testcase classname="com.test.automation.uiAutomation.addToCart.TC002_VerifyTweetLink" name="VerifyTweetLink" time="15.199"/>
</testsuite> <!-- AddToCartTest -->
