<?xml version="1.0" encoding="UTF-8"?>
<!-- Generated by org.testng.reporters.JUnitXMLReporter -->
<testsuite ignored="0" hostname="HIMANI" failures="0" tests="8" name="HomePageTest" time="434.228" errors="0" timestamp="25 Apr 2018 04:32:23 GMT">
  <testcase classname="com.test.automation.uiAutomation.homepage.TC002_VerifyRegistration" name="VerifyRegistration" time="103.043"/>
  <testcase classname="com.test.automation.uiAutomation.homepage.TC003_VerifyLoginWithDifferentRecords" name="TestLogin" time="69.98"/>
  <testcase classname="com.test.automation.uiAutomation.homepage.TC003_VerifyLoginWithDifferentRecords" name="TestLogin" time="67.562"/>
  <testcase classname="com.test.automation.uiAutomation.homepage.TC003_VerifyLoginWithDifferentRecords" name="TestLogin" time="68.11"/>
  <testcase classname="com.test.automation.uiAutomation.homepage.TC003_VerifyLoginWithDifferentRecords" name="TestLogin" time="0.005">
    <skipped/>
  </testcase> <!-- TestLogin -->
  <testcase classname="com.test.automation.uiAutomation.homepage.TC003_VerifyLoginWithDifferentRecords" name="TestLogin" time="0.0">
    <skipped/>
  </testcase> <!-- TestLogin -->
  <testcase classname="com.test.automation.uiAutomation.homepage.TC001_VerifyLoginWithInvalidCredentials" name="VerifyLoginWithInvalidCredentials" time="6.181"/>
  <testcase classname="com.test.automation.uiAutomation.homepage.TC004_VerifyNavigationToApparelPage" name="VerifyNavigationToApparelPage" time="4.587"/>
</testsuite> <!-- HomePageTest -->
