<?xml version="1.0" encoding="UTF-8"?>
<!-- Generated by org.testng.reporters.JUnitXMLReporter -->
<testsuite ignored="0" hostname="HIMANI" failures="0" tests="3" name="Default test" time="0.068" errors="0" timestamp="27 Apr 2018 11:44:01 GMT">
  <testcase classname="samplePackage.sampleProject.toVerifyTestNgAnnotations" name="testCase1" time="0.016"/>
  <testcase classname="samplePackage.sampleProject.toVerifyTestNgAnnotations" name="testCase2" time="0.002"/>
  <testcase classname="samplePackage.sampleProject.toVerifyTestNgAnnotations" name="testCase3" time="0.001"/>
</testsuite> <!-- Default test -->
