<?xml version="1.0" encoding="UTF-8"?>
<!-- Generated by org.testng.reporters.JUnitXMLReporter -->
<testsuite ignored="0" hostname="HIMANI" failures="0" tests="6" name="TestParallel" time="0.111" errors="0" timestamp="27 Apr 2018 13:32:29 GMT">
  <testcase classname="samplePackage.sampleProject2.toVerifyTestNgAnnotations2" name="toVerifyTestNgAnnotations2TestCase2" time="0.008"/>
  <testcase classname="samplePackage.sampleProject2.toVerifyTestNgAnnotations2" name="toVerifyTestNgAnnotations2TestCase1" time="0.016"/>
  <testcase classname="samplePackage.sampleProject.toVerifyTestNgAnnotations" name="testCase2" time="0.009"/>
  <testcase classname="samplePackage.sampleProject2.toVerifyTestNgAnnotations2" name="toVerifyTestNgAnnotations2TestCase3" time="0.015"/>
  <testcase classname="samplePackage.sampleProject.toVerifyTestNgAnnotations" name="testCase3" time="0.011"/>
  <testcase classname="samplePackage.sampleProject.toVerifyTestNgAnnotations" name="testCase1" time="0.015"/>
</testsuite> <!-- TestParallel -->
