<?xml version="1.0" encoding="UTF-8"?>
<!-- Generated by org.testng.reporters.JUnitXMLReporter -->
<testsuite ignored="0" hostname="HIMANI" failures="0" tests="6" name="TestParallel2" time="0.022" errors="0" timestamp="07 Feb 2019 16:09:24 GMT">
  <testcase classname="samplePackage.sampleProject2.toVerifyTestNgMoreAnnotations2" name="toVerifyTestNgAnnotations2TestCase2" time="0.0"/>
  <testcase classname="samplePackage.sampleProject2.toVerifyTestNgMoreAnnotations2" name="toVerifyTestNgAnnotations2TestCase1" time="0.005"/>
  <testcase classname="samplePackage.sampleProject.toVerifyTestNgMoreAnnotations" name="testCase1" time="0.004"/>
  <testcase classname="samplePackage.sampleProject2.toVerifyTestNgMoreAnnotations2" name="toVerifyTestNgAnnotations2TestCase3" time="0.008"/>
  <testcase classname="samplePackage.sampleProject.toVerifyTestNgMoreAnnotations" name="testCase2" time="0.001"/>
  <testcase classname="samplePackage.sampleProject.toVerifyTestNgMoreAnnotations" name="testCase3" time="0.001"/>
</testsuite> <!-- TestParallel2 -->
