<?xml version="1.0" encoding="UTF-8"?>
<!-- Generated by org.testng.reporters.JUnitXMLReporter -->
<testsuite ignored="0" hostname="HIMANI" failures="0" tests="6" name="TestParallel1" time="0.083" errors="0" timestamp="27 Apr 2018 14:23:50 GMT">
  <testcase classname="samplePackage.sampleProject.toVerifyTestNgAnnotations" name="testCase1" time="0.007"/>
  <testcase classname="samplePackage.sampleProject.toVerifyTestNgAnnotations" name="testCase2" time="0.002"/>
  <testcase classname="samplePackage.sampleProject.toVerifyTestNgAnnotations" name="testCase3" time="0.002"/>
  <testcase classname="samplePackage.sampleProject2.toVerifyTestNgAnnotations2" name="toVerifyTestNgAnnotations2TestCase1" time="0.002"/>
  <testcase classname="samplePackage.sampleProject2.toVerifyTestNgAnnotations2" name="toVerifyTestNgAnnotations2TestCase2" time="0.003"/>
  <testcase classname="samplePackage.sampleProject2.toVerifyTestNgAnnotations2" name="toVerifyTestNgAnnotations2TestCase3" time="0.001"/>
</testsuite> <!-- TestParallel1 -->
